<html>
<head>
<title>TestNG:  Command line test</title>
<link href="../testng.css" rel="stylesheet" type="text/css" />
<link href="../my-testng.css" rel="stylesheet" type="text/css" />

<style type="text/css">
.log { display: none;} 
.stack-trace { display: none;} 
</style>
<script type="text/javascript">
<!--
function flip(e) {
  current = e.style.display;
  if (current == 'block') {
    e.style.display = 'none';
    return 0;
  }
  else {
    e.style.display = 'block';
    return 1;
  }
}

function toggleBox(szDivId, elem, msg1, msg2)
{
  var res = -1;  if (document.getElementById) {
    res = flip(document.getElementById(szDivId));
  }
  else if (document.all) {
    // this is the way old msie versions work
    res = flip(document.all[szDivId]);
  }
  if(elem) {
    if(res == 0) elem.innerHTML = msg1; else elem.innerHTML = msg2;
  }

}

function toggleAllBoxes() {
  if (document.getElementsByTagName) {
    d = document.getElementsByTagName('div');
    for (i = 0; i < d.length; i++) {
      if (d[i].className == 'log') {
        flip(d[i]);
      }
    }
  }
}

// -->
</script>

</head>
<body>
<h2 align='center'>Command line test</h2><table border='1' align="center">
<tr>
<td>Tests passed/Failed/Skipped:</td><td>2/0/4</td>
</tr><tr>
<td>Started on:</td><td>Mon Apr 19 15:52:48 IST 2021</td>
</tr>
<tr><td>Total time:</td><td>641 seconds (641909 ms)</td>
</tr><tr>
<td>Included groups:</td><td></td>
</tr><tr>
<td>Excluded groups:</td><td></td>
</tr>
</table><p/>
<small><i>(Hover the method name to see the test class name)</i></small><p/>
<table width='100%' border='1' class='invocation-failed'>
<tr><td colspan='4' align='center'><b>FAILED CONFIGURATIONS</b></td></tr>
<tr><td><b>Test method</b></td>
<td width="30%"><b>Exception</b></td>
<td width="10%"><b>Time (seconds)</b></td>
<td><b>Instance</b></td>
</tr>
<tr>
<td title='com.epam.testCases.AddRemoveElementPageTest.setUp()'><b>setUp</b><br>Test class: com.epam.testCases.AddRemoveElementPageTest</td>
<td><div><pre>org.openqa.selenium.SessionNotCreatedException: session not created
from timeout: Timed out receiving message from renderer: 600.000
  (Session info: chrome=89.0.4389.128)
Build info: version: &apos;3.141.59&apos;, revision: &apos;e82be7d358&apos;, time: &apos;2018-11-14T08:17:03&apos;
System info: host: &apos;EPINHYDW0767&apos;, ip: &apos;192.168.0.152&apos;, os.name: &apos;Windows 10&apos;, os.arch: &apos;amd64&apos;, os.version: &apos;10.0&apos;, java.version: &apos;1.8.0_281&apos;
Driver info: driver.version: MyChromeWebDriver
remote stacktrace: Backtrace:
	GetHandleVerifier [0x0021B963+483]
	GetHandleVerifier [0x0021B941+449]
	GetHandleVerifier [0x005C3308+3832712]
	GetHandleVerifier [0x005B778C+3784716]
	GetHandleVerifier [0x005B6A47+3781319]
	GetHandleVerifier [0x005B6E36+3782326]
	GetHandleVerifier [0x005B6765+3780581]
	GetHandleVerifier [0x005BFB21+3818401]
	GetHandleVerifier [0x005B6721+3780513]
	GetHandleVerifier [0x005B74B2+3783986]
	GetHandleVerifier [0x005B6A47+3781319]
	GetHandleVerifier [0x005B6E36+3782326]
	GetHandleVerifier [0x005B6765+3780581]
	GetHandleVerifier [0x005BDF9C+3811356]
	GetHandleVerifier [0x005B6721+3780513]
	GetHandleVerifier [0x005B74B2+3783986]
	GetHandleVerifier [0x005B6A47+3781319]
	GetHandleVerifier [0x005B6E36+3782326]
	GetHandleVerifier [0x005B6765+3780581]
	GetHandleVerifier [0x005BC392+3804178]
	GetHandleVerifier [0x005B6721+3780513]
	GetHandleVerifier [0x005B74B2+3783986]
	GetHandleVerifier [0x005B6A47+3781319]
	GetHandleVerifier [0x005B6E36+3782326]
	GetHandleVerifier [0x005B6765+3780581]
	GetHandleVerifier [0x005BB655+3800789]
	GetHandleVerifier [0x005B6721+3780513]
	GetHandleVerifier [0x005B74B2+3783986]
	GetHandleVerifier [0x005B6A47+3781319]
	GetHandleVerifier [0x005B6E36+3782326]
	GetHandleVerifier [0x005B6765+3780581]
	GetHandleVerifier [0x005B2F46+3766214]
	GetHandleVerifier [0x005B6721+3780513]
	GetHandleVerifier [0x005B6543+3780035]
	GetHandleVerifier [0x005B6337+3779511]
	GetHandleVerifier [0x005C4540+3837376]
	GetHandleVerifier [0x005FF4BC+4078908]
	GetHandleVerifier [0x005FE56C+4074988]
	GetHandleVerifier [0x005FB2EB+4062059]
	GetHandleVerifier [0x005DED14+3945876]
	GetHandleVerifier [0x005DFBCE+3949646]
	GetHandleVerifier [0x005DFB59+3949529]
	Ordinal0 [0x001DB5CC+46540]
	Ordinal0 [0x001D9F53+40787]
	Ordinal0 [0x001D9B12+39698]
	GetHandleVerifier [0x004E1468+2907368]
	GetHandleVerifier [0x003271EE+1096302]
	GetHandleVerifier [0x002E3E8D+821005]
	GetHandleVerifier [0x002E396B+819691]
	GetHandleVerifier [0x002E3881+819457]
	GetHandleVerifier [0x0030F463+998627]
	BaseThreadInitThunk [0x754BFA29+25]
	RtlGetAppContainerNamedObjectPath [0x77587C7E+286]
	RtlGetAppContainerNamedObjectPath [0x77587C4E+238]

	at org.openqa.selenium.remote.W3CHandshakeResponse.lambda$errorHandler$0(W3CHandshakeResponse.java:62)
	at org.openqa.selenium.remote.HandshakeResponse.lambda$getResponseFunction$0(HandshakeResponse.java:30)
	at org.openqa.selenium.remote.ProtocolHandshake.lambda$createSession$0(ProtocolHandshake.java:126)
	at java.util.stream.ReferencePipeline$3$1.accept(ReferencePipeline.java:193)
	at java.util.Spliterators$ArraySpliterator.tryAdvance(Spliterators.java:958)
	at java.util.stream.ReferencePipeline.forEachWithCancel(ReferencePipeline.java:126)
	at java.util.stream.AbstractPipeline.copyIntoWithCancel(AbstractPipeline.java:499)
	at java.util.stream.AbstractPipeline.copyInto(AbstractPipeline.java:486)
	at java.util.stream.AbstractPipeline.wrapAndCopyInto(AbstractPipeline.java:472)
	at java.util.stream.FindOps$FindOp.evaluateSequential(FindOps.java:152)
	at java.util.stream.AbstractPipeline.evaluate(AbstractPipeline.java:234)
	at java.util.stream.ReferencePipeline.findFirst(ReferencePipeline.java:464)
	at org.openqa.selenium.remote.ProtocolHandshake.createSession(ProtocolHandshake.java:128)
	at org.openqa.selenium.remote.ProtocolHandshake.createSession(ProtocolHandshake.java:74)
	at org.openqa.selenium.remote.HttpCommandExecutor.execute(HttpCommandExecutor.java:136)
	at org.openqa.selenium.remote.service.DriverCommandExecutor.execute(DriverCommandExecutor.java:83)
	at org.openqa.selenium.remote.RemoteWebDriver.execute(RemoteWebDriver.java:552)
	at org.openqa.selenium.remote.RemoteWebDriver.startSession(RemoteWebDriver.java:213)
	at org.openqa.selenium.remote.RemoteWebDriver.&lt;init&gt;(RemoteWebDriver.java:131)
	at org.openqa.selenium.chrome.ChromeDriver.&lt;init&gt;(ChromeDriver.java:181)
	at org.openqa.selenium.chrome.ChromeDriver.&lt;init&gt;(ChromeDriver.java:168)
	at org.openqa.selenium.chrome.ChromeDriver.&lt;init&gt;(ChromeDriver.java:123)
	at com.epam.drivers.MyChromeWebDriver.openChrome(MyChromeWebDriver.java:17)
	at com.epam.base.TestBase.initialization(TestBase.java:34)
	at com.epam.testCases.AddRemoveElementPageTest.setUp(AddRemoveElementPageTest.java:19)
	at java.util.ArrayList.forEach(ArrayList.java:1259)
... Removed 39 stack frames</pre></div><a href='#' onClick='toggleBox("stack-trace1571798597", this, "Click to show all stack frames", "Click to hide stack frames")'>Click to show all stack frames</a>
<div class='stack-trace' id='stack-trace1571798597'><pre>org.openqa.selenium.SessionNotCreatedException: session not created
from timeout: Timed out receiving message from renderer: 600.000
  (Session info: chrome=89.0.4389.128)
Build info: version: &apos;3.141.59&apos;, revision: &apos;e82be7d358&apos;, time: &apos;2018-11-14T08:17:03&apos;
System info: host: &apos;EPINHYDW0767&apos;, ip: &apos;192.168.0.152&apos;, os.name: &apos;Windows 10&apos;, os.arch: &apos;amd64&apos;, os.version: &apos;10.0&apos;, java.version: &apos;1.8.0_281&apos;
Driver info: driver.version: MyChromeWebDriver
remote stacktrace: Backtrace:
	GetHandleVerifier [0x0021B963+483]
	GetHandleVerifier [0x0021B941+449]
	GetHandleVerifier [0x005C3308+3832712]
	GetHandleVerifier [0x005B778C+3784716]
	GetHandleVerifier [0x005B6A47+3781319]
	GetHandleVerifier [0x005B6E36+3782326]
	GetHandleVerifier [0x005B6765+3780581]
	GetHandleVerifier [0x005BFB21+3818401]
	GetHandleVerifier [0x005B6721+3780513]
	GetHandleVerifier [0x005B74B2+3783986]
	GetHandleVerifier [0x005B6A47+3781319]
	GetHandleVerifier [0x005B6E36+3782326]
	GetHandleVerifier [0x005B6765+3780581]
	GetHandleVerifier [0x005BDF9C+3811356]
	GetHandleVerifier [0x005B6721+3780513]
	GetHandleVerifier [0x005B74B2+3783986]
	GetHandleVerifier [0x005B6A47+3781319]
	GetHandleVerifier [0x005B6E36+3782326]
	GetHandleVerifier [0x005B6765+3780581]
	GetHandleVerifier [0x005BC392+3804178]
	GetHandleVerifier [0x005B6721+3780513]
	GetHandleVerifier [0x005B74B2+3783986]
	GetHandleVerifier [0x005B6A47+3781319]
	GetHandleVerifier [0x005B6E36+3782326]
	GetHandleVerifier [0x005B6765+3780581]
	GetHandleVerifier [0x005BB655+3800789]
	GetHandleVerifier [0x005B6721+3780513]
	GetHandleVerifier [0x005B74B2+3783986]
	GetHandleVerifier [0x005B6A47+3781319]
	GetHandleVerifier [0x005B6E36+3782326]
	GetHandleVerifier [0x005B6765+3780581]
	GetHandleVerifier [0x005B2F46+3766214]
	GetHandleVerifier [0x005B6721+3780513]
	GetHandleVerifier [0x005B6543+3780035]
	GetHandleVerifier [0x005B6337+3779511]
	GetHandleVerifier [0x005C4540+3837376]
	GetHandleVerifier [0x005FF4BC+4078908]
	GetHandleVerifier [0x005FE56C+4074988]
	GetHandleVerifier [0x005FB2EB+4062059]
	GetHandleVerifier [0x005DED14+3945876]
	GetHandleVerifier [0x005DFBCE+3949646]
	GetHandleVerifier [0x005DFB59+3949529]
	Ordinal0 [0x001DB5CC+46540]
	Ordinal0 [0x001D9F53+40787]
	Ordinal0 [0x001D9B12+39698]
	GetHandleVerifier [0x004E1468+2907368]
	GetHandleVerifier [0x003271EE+1096302]
	GetHandleVerifier [0x002E3E8D+821005]
	GetHandleVerifier [0x002E396B+819691]
	GetHandleVerifier [0x002E3881+819457]
	GetHandleVerifier [0x0030F463+998627]
	BaseThreadInitThunk [0x754BFA29+25]
	RtlGetAppContainerNamedObjectPath [0x77587C7E+286]
	RtlGetAppContainerNamedObjectPath [0x77587C4E+238]

	at sun.reflect.NativeConstructorAccessorImpl.newInstance0(Native Method)
	at sun.reflect.NativeConstructorAccessorImpl.newInstance(NativeConstructorAccessorImpl.java:62)
	at sun.reflect.DelegatingConstructorAccessorImpl.newInstance(DelegatingConstructorAccessorImpl.java:45)
	at java.lang.reflect.Constructor.newInstance(Constructor.java:423)
	at org.openqa.selenium.remote.W3CHandshakeResponse.lambda$errorHandler$0(W3CHandshakeResponse.java:62)
	at org.openqa.selenium.remote.HandshakeResponse.lambda$getResponseFunction$0(HandshakeResponse.java:30)
	at org.openqa.selenium.remote.ProtocolHandshake.lambda$createSession$0(ProtocolHandshake.java:126)
	at java.util.stream.ReferencePipeline$3$1.accept(ReferencePipeline.java:193)
	at java.util.Spliterators$ArraySpliterator.tryAdvance(Spliterators.java:958)
	at java.util.stream.ReferencePipeline.forEachWithCancel(ReferencePipeline.java:126)
	at java.util.stream.AbstractPipeline.copyIntoWithCancel(AbstractPipeline.java:499)
	at java.util.stream.AbstractPipeline.copyInto(AbstractPipeline.java:486)
	at java.util.stream.AbstractPipeline.wrapAndCopyInto(AbstractPipeline.java:472)
	at java.util.stream.FindOps$FindOp.evaluateSequential(FindOps.java:152)
	at java.util.stream.AbstractPipeline.evaluate(AbstractPipeline.java:234)
	at java.util.stream.ReferencePipeline.findFirst(ReferencePipeline.java:464)
	at org.openqa.selenium.remote.ProtocolHandshake.createSession(ProtocolHandshake.java:128)
	at org.openqa.selenium.remote.ProtocolHandshake.createSession(ProtocolHandshake.java:74)
	at org.openqa.selenium.remote.HttpCommandExecutor.execute(HttpCommandExecutor.java:136)
	at org.openqa.selenium.remote.service.DriverCommandExecutor.execute(DriverCommandExecutor.java:83)
	at org.openqa.selenium.remote.RemoteWebDriver.execute(RemoteWebDriver.java:552)
	at org.openqa.selenium.remote.RemoteWebDriver.startSession(RemoteWebDriver.java:213)
	at org.openqa.selenium.remote.RemoteWebDriver.&lt;init&gt;(RemoteWebDriver.java:131)
	at org.openqa.selenium.chrome.ChromeDriver.&lt;init&gt;(ChromeDriver.java:181)
	at org.openqa.selenium.chrome.ChromeDriver.&lt;init&gt;(ChromeDriver.java:168)
	at org.openqa.selenium.chrome.ChromeDriver.&lt;init&gt;(ChromeDriver.java:123)
	at com.epam.drivers.MyChromeWebDriver.openChrome(MyChromeWebDriver.java:17)
	at com.epam.base.TestBase.initialization(TestBase.java:34)
	at com.epam.testCases.AddRemoveElementPageTest.setUp(AddRemoveElementPageTest.java:19)
	at sun.reflect.NativeMethodAccessorImpl.invoke0(Native Method)
	at sun.reflect.NativeMethodAccessorImpl.invoke(NativeMethodAccessorImpl.java:62)
	at sun.reflect.DelegatingMethodAccessorImpl.invoke(DelegatingMethodAccessorImpl.java:43)
	at java.lang.reflect.Method.invoke(Method.java:498)
	at org.testng.internal.MethodInvocationHelper.invokeMethod(MethodInvocationHelper.java:132)
	at org.testng.internal.MethodInvocationHelper.invokeMethodConsideringTimeout(MethodInvocationHelper.java:61)
	at org.testng.internal.ConfigInvoker.invokeConfigurationMethod(ConfigInvoker.java:366)
	at org.testng.internal.ConfigInvoker.invokeConfigurations(ConfigInvoker.java:320)
	at org.testng.internal.TestMethodWorker.invokeBeforeClassMethods(TestMethodWorker.java:176)
	at org.testng.internal.TestMethodWorker.run(TestMethodWorker.java:122)
	at java.util.ArrayList.forEach(ArrayList.java:1259)
	at org.testng.TestRunner.privateRun(TestRunner.java:764)
	at org.testng.TestRunner.run(TestRunner.java:585)
	at org.testng.SuiteRunner.runTest(SuiteRunner.java:384)
	at org.testng.SuiteRunner.runSequentially(SuiteRunner.java:378)
	at org.testng.SuiteRunner.privateRun(SuiteRunner.java:337)
	at org.testng.SuiteRunner.run(SuiteRunner.java:286)
	at org.testng.SuiteRunnerWorker.runSuite(SuiteRunnerWorker.java:53)
	at org.testng.SuiteRunnerWorker.run(SuiteRunnerWorker.java:96)
	at org.testng.TestNG.runSuitesSequentially(TestNG.java:1218)
	at org.testng.TestNG.runSuitesLocally(TestNG.java:1140)
	at org.testng.TestNG.runSuites(TestNG.java:1069)
	at org.testng.TestNG.run(TestNG.java:1037)
	at org.apache.maven.surefire.testng.TestNGExecutor.run(TestNGExecutor.java:77)
	at org.apache.maven.surefire.testng.TestNGDirectoryTestSuite.executeMulti(TestNGDirectoryTestSuite.java:159)
	at org.apache.maven.surefire.testng.TestNGDirectoryTestSuite.execute(TestNGDirectoryTestSuite.java:99)
	at org.apache.maven.surefire.testng.TestNGProvider.invoke(TestNGProvider.java:106)
	at sun.reflect.NativeMethodAccessorImpl.invoke0(Native Method)
	at sun.reflect.NativeMethodAccessorImpl.invoke(NativeMethodAccessorImpl.java:62)
	at sun.reflect.DelegatingMethodAccessorImpl.invoke(DelegatingMethodAccessorImpl.java:43)
	at java.lang.reflect.Method.invoke(Method.java:498)
	at org.apache.maven.surefire.util.ReflectionUtils.invokeMethodWithArray(ReflectionUtils.java:189)
	at org.apache.maven.surefire.booter.ProviderFactory$ProviderProxy.invoke(ProviderFactory.java:165)
	at org.apache.maven.surefire.booter.ProviderFactory.invokeProvider(ProviderFactory.java:85)
	at org.apache.maven.surefire.booter.ForkedBooter.runSuitesInProcess(ForkedBooter.java:115)
	at org.apache.maven.surefire.booter.ForkedBooter.main(ForkedBooter.java:75)
</pre></div></td>
<td>630</td>
<td>com.epam.testCases.AddRemoveElementPageTest@42dafa95</td></tr>
</table><p>
<table width='100%' border='1' class='invocation-skipped'>
<tr><td colspan='4' align='center'><b>SKIPPED CONFIGURATIONS</b></td></tr>
<tr><td><b>Test method</b></td>
<td width="30%"><b>Exception</b></td>
<td width="10%"><b>Time (seconds)</b></td>
<td><b>Instance</b></td>
</tr>
<tr>
<td title='com.epam.testCases.AddRemoveElementPageTest.tearDown()'><b>tearDown</b><br>Test class: com.epam.testCases.AddRemoveElementPageTest</td>
<td></td>
<td>-1618828398</td>
<td>com.epam.testCases.AddRemoveElementPageTest@42dafa95</td></tr>
</table><p>
<table width='100%' border='1' class='invocation-passed'>
<tr><td colspan='4' align='center'><b>PASSED TESTS</b></td></tr>
<tr><td><b>Test method</b></td>
<td width="30%"><b>Exception</b></td>
<td width="10%"><b>Time (seconds)</b></td>
<td><b>Instance</b></td>
</tr>
<tr>
<td title='com.epam.testCases.HomePageTest.checkAddRemove()'><b>checkAddRemove</b><br>Test class: com.epam.testCases.HomePageTest</td>
<td></td>
<td>0</td>
<td>com.epam.testCases.HomePageTest@6500df86</td></tr>
<tr>
<td title='com.epam.testCases.HomePageTest.checkChallengeDom()'><b>checkChallengeDom</b><br>Test class: com.epam.testCases.HomePageTest</td>
<td></td>
<td>0</td>
<td>com.epam.testCases.HomePageTest@6500df86</td></tr>
</table><p>
<table width='100%' border='1' class='invocation-skipped'>
<tr><td colspan='4' align='center'><b>SKIPPED TESTS</b></td></tr>
<tr><td><b>Test method</b></td>
<td width="30%"><b>Exception</b></td>
<td width="10%"><b>Time (seconds)</b></td>
<td><b>Instance</b></td>
</tr>
<tr>
<td title='com.epam.testCases.AddRemoveElementPageTest.clickAddElementTest()'><b>clickAddElementTest</b><br>Test class: com.epam.testCases.AddRemoveElementPageTest</td>
<td><div><pre>org.openqa.selenium.SessionNotCreatedException: session not created
from timeout: Timed out receiving message from renderer: 600.000
  (Session info: chrome=89.0.4389.128)
Build info: version: &apos;3.141.59&apos;, revision: &apos;e82be7d358&apos;, time: &apos;2018-11-14T08:17:03&apos;
System info: host: &apos;EPINHYDW0767&apos;, ip: &apos;192.168.0.152&apos;, os.name: &apos;Windows 10&apos;, os.arch: &apos;amd64&apos;, os.version: &apos;10.0&apos;, java.version: &apos;1.8.0_281&apos;
Driver info: driver.version: MyChromeWebDriver
remote stacktrace: Backtrace:
	GetHandleVerifier [0x0021B963+483]
	GetHandleVerifier [0x0021B941+449]
	GetHandleVerifier [0x005C3308+3832712]
	GetHandleVerifier [0x005B778C+3784716]
	GetHandleVerifier [0x005B6A47+3781319]
	GetHandleVerifier [0x005B6E36+3782326]
	GetHandleVerifier [0x005B6765+3780581]
	GetHandleVerifier [0x005BFB21+3818401]
	GetHandleVerifier [0x005B6721+3780513]
	GetHandleVerifier [0x005B74B2+3783986]
	GetHandleVerifier [0x005B6A47+3781319]
	GetHandleVerifier [0x005B6E36+3782326]
	GetHandleVerifier [0x005B6765+3780581]
	GetHandleVerifier [0x005BDF9C+3811356]
	GetHandleVerifier [0x005B6721+3780513]
	GetHandleVerifier [0x005B74B2+3783986]
	GetHandleVerifier [0x005B6A47+3781319]
	GetHandleVerifier [0x005B6E36+3782326]
	GetHandleVerifier [0x005B6765+3780581]
	GetHandleVerifier [0x005BC392+3804178]
	GetHandleVerifier [0x005B6721+3780513]
	GetHandleVerifier [0x005B74B2+3783986]
	GetHandleVerifier [0x005B6A47+3781319]
	GetHandleVerifier [0x005B6E36+3782326]
	GetHandleVerifier [0x005B6765+3780581]
	GetHandleVerifier [0x005BB655+3800789]
	GetHandleVerifier [0x005B6721+3780513]
	GetHandleVerifier [0x005B74B2+3783986]
	GetHandleVerifier [0x005B6A47+3781319]
	GetHandleVerifier [0x005B6E36+3782326]
	GetHandleVerifier [0x005B6765+3780581]
	GetHandleVerifier [0x005B2F46+3766214]
	GetHandleVerifier [0x005B6721+3780513]
	GetHandleVerifier [0x005B6543+3780035]
	GetHandleVerifier [0x005B6337+3779511]
	GetHandleVerifier [0x005C4540+3837376]
	GetHandleVerifier [0x005FF4BC+4078908]
	GetHandleVerifier [0x005FE56C+4074988]
	GetHandleVerifier [0x005FB2EB+4062059]
	GetHandleVerifier [0x005DED14+3945876]
	GetHandleVerifier [0x005DFBCE+3949646]
	GetHandleVerifier [0x005DFB59+3949529]
	Ordinal0 [0x001DB5CC+46540]
	Ordinal0 [0x001D9F53+40787]
	Ordinal0 [0x001D9B12+39698]
	GetHandleVerifier [0x004E1468+2907368]
	GetHandleVerifier [0x003271EE+1096302]
	GetHandleVerifier [0x002E3E8D+821005]
	GetHandleVerifier [0x002E396B+819691]
	GetHandleVerifier [0x002E3881+819457]
	GetHandleVerifier [0x0030F463+998627]
	BaseThreadInitThunk [0x754BFA29+25]
	RtlGetAppContainerNamedObjectPath [0x77587C7E+286]
	RtlGetAppContainerNamedObjectPath [0x77587C4E+238]

	at org.openqa.selenium.remote.W3CHandshakeResponse.lambda$errorHandler$0(W3CHandshakeResponse.java:62)
	at org.openqa.selenium.remote.HandshakeResponse.lambda$getResponseFunction$0(HandshakeResponse.java:30)
	at org.openqa.selenium.remote.ProtocolHandshake.lambda$createSession$0(ProtocolHandshake.java:126)
	at java.util.stream.ReferencePipeline$3$1.accept(ReferencePipeline.java:193)
	at java.util.Spliterators$ArraySpliterator.tryAdvance(Spliterators.java:958)
	at java.util.stream.ReferencePipeline.forEachWithCancel(ReferencePipeline.java:126)
	at java.util.stream.AbstractPipeline.copyIntoWithCancel(AbstractPipeline.java:499)
	at java.util.stream.AbstractPipeline.copyInto(AbstractPipeline.java:486)
	at java.util.stream.AbstractPipeline.wrapAndCopyInto(AbstractPipeline.java:472)
	at java.util.stream.FindOps$FindOp.evaluateSequential(FindOps.java:152)
	at java.util.stream.AbstractPipeline.evaluate(AbstractPipeline.java:234)
	at java.util.stream.ReferencePipeline.findFirst(ReferencePipeline.java:464)
	at org.openqa.selenium.remote.ProtocolHandshake.createSession(ProtocolHandshake.java:128)
	at org.openqa.selenium.remote.ProtocolHandshake.createSession(ProtocolHandshake.java:74)
	at org.openqa.selenium.remote.HttpCommandExecutor.execute(HttpCommandExecutor.java:136)
	at org.openqa.selenium.remote.service.DriverCommandExecutor.execute(DriverCommandExecutor.java:83)
	at org.openqa.selenium.remote.RemoteWebDriver.execute(RemoteWebDriver.java:552)
	at org.openqa.selenium.remote.RemoteWebDriver.startSession(RemoteWebDriver.java:213)
	at org.openqa.selenium.remote.RemoteWebDriver.&lt;init&gt;(RemoteWebDriver.java:131)
	at org.openqa.selenium.chrome.ChromeDriver.&lt;init&gt;(ChromeDriver.java:181)
	at org.openqa.selenium.chrome.ChromeDriver.&lt;init&gt;(ChromeDriver.java:168)
	at org.openqa.selenium.chrome.ChromeDriver.&lt;init&gt;(ChromeDriver.java:123)
	at com.epam.drivers.MyChromeWebDriver.openChrome(MyChromeWebDriver.java:17)
	at com.epam.base.TestBase.initialization(TestBase.java:34)
	at com.epam.testCases.AddRemoveElementPageTest.setUp(AddRemoveElementPageTest.java:19)
	at java.util.ArrayList.forEach(ArrayList.java:1259)
... Removed 39 stack frames</pre></div><a href='#' onClick='toggleBox("stack-trace1885922916", this, "Click to show all stack frames", "Click to hide stack frames")'>Click to show all stack frames</a>
<div class='stack-trace' id='stack-trace1885922916'><pre>org.openqa.selenium.SessionNotCreatedException: session not created
from timeout: Timed out receiving message from renderer: 600.000
  (Session info: chrome=89.0.4389.128)
Build info: version: &apos;3.141.59&apos;, revision: &apos;e82be7d358&apos;, time: &apos;2018-11-14T08:17:03&apos;
System info: host: &apos;EPINHYDW0767&apos;, ip: &apos;192.168.0.152&apos;, os.name: &apos;Windows 10&apos;, os.arch: &apos;amd64&apos;, os.version: &apos;10.0&apos;, java.version: &apos;1.8.0_281&apos;
Driver info: driver.version: MyChromeWebDriver
remote stacktrace: Backtrace:
	GetHandleVerifier [0x0021B963+483]
	GetHandleVerifier [0x0021B941+449]
	GetHandleVerifier [0x005C3308+3832712]
	GetHandleVerifier [0x005B778C+3784716]
	GetHandleVerifier [0x005B6A47+3781319]
	GetHandleVerifier [0x005B6E36+3782326]
	GetHandleVerifier [0x005B6765+3780581]
	GetHandleVerifier [0x005BFB21+3818401]
	GetHandleVerifier [0x005B6721+3780513]
	GetHandleVerifier [0x005B74B2+3783986]
	GetHandleVerifier [0x005B6A47+3781319]
	GetHandleVerifier [0x005B6E36+3782326]
	GetHandleVerifier [0x005B6765+3780581]
	GetHandleVerifier [0x005BDF9C+3811356]
	GetHandleVerifier [0x005B6721+3780513]
	GetHandleVerifier [0x005B74B2+3783986]
	GetHandleVerifier [0x005B6A47+3781319]
	GetHandleVerifier [0x005B6E36+3782326]
	GetHandleVerifier [0x005B6765+3780581]
	GetHandleVerifier [0x005BC392+3804178]
	GetHandleVerifier [0x005B6721+3780513]
	GetHandleVerifier [0x005B74B2+3783986]
	GetHandleVerifier [0x005B6A47+3781319]
	GetHandleVerifier [0x005B6E36+3782326]
	GetHandleVerifier [0x005B6765+3780581]
	GetHandleVerifier [0x005BB655+3800789]
	GetHandleVerifier [0x005B6721+3780513]
	GetHandleVerifier [0x005B74B2+3783986]
	GetHandleVerifier [0x005B6A47+3781319]
	GetHandleVerifier [0x005B6E36+3782326]
	GetHandleVerifier [0x005B6765+3780581]
	GetHandleVerifier [0x005B2F46+3766214]
	GetHandleVerifier [0x005B6721+3780513]
	GetHandleVerifier [0x005B6543+3780035]
	GetHandleVerifier [0x005B6337+3779511]
	GetHandleVerifier [0x005C4540+3837376]
	GetHandleVerifier [0x005FF4BC+4078908]
	GetHandleVerifier [0x005FE56C+4074988]
	GetHandleVerifier [0x005FB2EB+4062059]
	GetHandleVerifier [0x005DED14+3945876]
	GetHandleVerifier [0x005DFBCE+3949646]
	GetHandleVerifier [0x005DFB59+3949529]
	Ordinal0 [0x001DB5CC+46540]
	Ordinal0 [0x001D9F53+40787]
	Ordinal0 [0x001D9B12+39698]
	GetHandleVerifier [0x004E1468+2907368]
	GetHandleVerifier [0x003271EE+1096302]
	GetHandleVerifier [0x002E3E8D+821005]
	GetHandleVerifier [0x002E396B+819691]
	GetHandleVerifier [0x002E3881+819457]
	GetHandleVerifier [0x0030F463+998627]
	BaseThreadInitThunk [0x754BFA29+25]
	RtlGetAppContainerNamedObjectPath [0x77587C7E+286]
	RtlGetAppContainerNamedObjectPath [0x77587C4E+238]

	at sun.reflect.NativeConstructorAccessorImpl.newInstance0(Native Method)
	at sun.reflect.NativeConstructorAccessorImpl.newInstance(NativeConstructorAccessorImpl.java:62)
	at sun.reflect.DelegatingConstructorAccessorImpl.newInstance(DelegatingConstructorAccessorImpl.java:45)
	at java.lang.reflect.Constructor.newInstance(Constructor.java:423)
	at org.openqa.selenium.remote.W3CHandshakeResponse.lambda$errorHandler$0(W3CHandshakeResponse.java:62)
	at org.openqa.selenium.remote.HandshakeResponse.lambda$getResponseFunction$0(HandshakeResponse.java:30)
	at org.openqa.selenium.remote.ProtocolHandshake.lambda$createSession$0(ProtocolHandshake.java:126)
	at java.util.stream.ReferencePipeline$3$1.accept(ReferencePipeline.java:193)
	at java.util.Spliterators$ArraySpliterator.tryAdvance(Spliterators.java:958)
	at java.util.stream.ReferencePipeline.forEachWithCancel(ReferencePipeline.java:126)
	at java.util.stream.AbstractPipeline.copyIntoWithCancel(AbstractPipeline.java:499)
	at java.util.stream.AbstractPipeline.copyInto(AbstractPipeline.java:486)
	at java.util.stream.AbstractPipeline.wrapAndCopyInto(AbstractPipeline.java:472)
	at java.util.stream.FindOps$FindOp.evaluateSequential(FindOps.java:152)
	at java.util.stream.AbstractPipeline.evaluate(AbstractPipeline.java:234)
	at java.util.stream.ReferencePipeline.findFirst(ReferencePipeline.java:464)
	at org.openqa.selenium.remote.ProtocolHandshake.createSession(ProtocolHandshake.java:128)
	at org.openqa.selenium.remote.ProtocolHandshake.createSession(ProtocolHandshake.java:74)
	at org.openqa.selenium.remote.HttpCommandExecutor.execute(HttpCommandExecutor.java:136)
	at org.openqa.selenium.remote.service.DriverCommandExecutor.execute(DriverCommandExecutor.java:83)
	at org.openqa.selenium.remote.RemoteWebDriver.execute(RemoteWebDriver.java:552)
	at org.openqa.selenium.remote.RemoteWebDriver.startSession(RemoteWebDriver.java:213)
	at org.openqa.selenium.remote.RemoteWebDriver.&lt;init&gt;(RemoteWebDriver.java:131)
	at org.openqa.selenium.chrome.ChromeDriver.&lt;init&gt;(ChromeDriver.java:181)
	at org.openqa.selenium.chrome.ChromeDriver.&lt;init&gt;(ChromeDriver.java:168)
	at org.openqa.selenium.chrome.ChromeDriver.&lt;init&gt;(ChromeDriver.java:123)
	at com.epam.drivers.MyChromeWebDriver.openChrome(MyChromeWebDriver.java:17)
	at com.epam.base.TestBase.initialization(TestBase.java:34)
	at com.epam.testCases.AddRemoveElementPageTest.setUp(AddRemoveElementPageTest.java:19)
	at sun.reflect.NativeMethodAccessorImpl.invoke0(Native Method)
	at sun.reflect.NativeMethodAccessorImpl.invoke(NativeMethodAccessorImpl.java:62)
	at sun.reflect.DelegatingMethodAccessorImpl.invoke(DelegatingMethodAccessorImpl.java:43)
	at java.lang.reflect.Method.invoke(Method.java:498)
	at org.testng.internal.MethodInvocationHelper.invokeMethod(MethodInvocationHelper.java:132)
	at org.testng.internal.MethodInvocationHelper.invokeMethodConsideringTimeout(MethodInvocationHelper.java:61)
	at org.testng.internal.ConfigInvoker.invokeConfigurationMethod(ConfigInvoker.java:366)
	at org.testng.internal.ConfigInvoker.invokeConfigurations(ConfigInvoker.java:320)
	at org.testng.internal.TestMethodWorker.invokeBeforeClassMethods(TestMethodWorker.java:176)
	at org.testng.internal.TestMethodWorker.run(TestMethodWorker.java:122)
	at java.util.ArrayList.forEach(ArrayList.java:1259)
	at org.testng.TestRunner.privateRun(TestRunner.java:764)
	at org.testng.TestRunner.run(TestRunner.java:585)
	at org.testng.SuiteRunner.runTest(SuiteRunner.java:384)
	at org.testng.SuiteRunner.runSequentially(SuiteRunner.java:378)
	at org.testng.SuiteRunner.privateRun(SuiteRunner.java:337)
	at org.testng.SuiteRunner.run(SuiteRunner.java:286)
	at org.testng.SuiteRunnerWorker.runSuite(SuiteRunnerWorker.java:53)
	at org.testng.SuiteRunnerWorker.run(SuiteRunnerWorker.java:96)
	at org.testng.TestNG.runSuitesSequentially(TestNG.java:1218)
	at org.testng.TestNG.runSuitesLocally(TestNG.java:1140)
	at org.testng.TestNG.runSuites(TestNG.java:1069)
	at org.testng.TestNG.run(TestNG.java:1037)
	at org.apache.maven.surefire.testng.TestNGExecutor.run(TestNGExecutor.java:77)
	at org.apache.maven.surefire.testng.TestNGDirectoryTestSuite.executeMulti(TestNGDirectoryTestSuite.java:159)
	at org.apache.maven.surefire.testng.TestNGDirectoryTestSuite.execute(TestNGDirectoryTestSuite.java:99)
	at org.apache.maven.surefire.testng.TestNGProvider.invoke(TestNGProvider.java:106)
	at sun.reflect.NativeMethodAccessorImpl.invoke0(Native Method)
	at sun.reflect.NativeMethodAccessorImpl.invoke(NativeMethodAccessorImpl.java:62)
	at sun.reflect.DelegatingMethodAccessorImpl.invoke(DelegatingMethodAccessorImpl.java:43)
	at java.lang.reflect.Method.invoke(Method.java:498)
	at org.apache.maven.surefire.util.ReflectionUtils.invokeMethodWithArray(ReflectionUtils.java:189)
	at org.apache.maven.surefire.booter.ProviderFactory$ProviderProxy.invoke(ProviderFactory.java:165)
	at org.apache.maven.surefire.booter.ProviderFactory.invokeProvider(ProviderFactory.java:85)
	at org.apache.maven.surefire.booter.ForkedBooter.runSuitesInProcess(ForkedBooter.java:115)
	at org.apache.maven.surefire.booter.ForkedBooter.main(ForkedBooter.java:75)
</pre></div></td>
<td>0</td>
<td>com.epam.testCases.AddRemoveElementPageTest@42dafa95</td></tr>
<tr>
<td title='com.epam.testCases.AddRemoveElementPageTest.clickDeleteElementTest()'><b>clickDeleteElementTest</b><br>Test class: com.epam.testCases.AddRemoveElementPageTest</td>
<td><div><pre>org.openqa.selenium.SessionNotCreatedException: session not created
from timeout: Timed out receiving message from renderer: 600.000
  (Session info: chrome=89.0.4389.128)
Build info: version: &apos;3.141.59&apos;, revision: &apos;e82be7d358&apos;, time: &apos;2018-11-14T08:17:03&apos;
System info: host: &apos;EPINHYDW0767&apos;, ip: &apos;192.168.0.152&apos;, os.name: &apos;Windows 10&apos;, os.arch: &apos;amd64&apos;, os.version: &apos;10.0&apos;, java.version: &apos;1.8.0_281&apos;
Driver info: driver.version: MyChromeWebDriver
remote stacktrace: Backtrace:
	GetHandleVerifier [0x0021B963+483]
	GetHandleVerifier [0x0021B941+449]
	GetHandleVerifier [0x005C3308+3832712]
	GetHandleVerifier [0x005B778C+3784716]
	GetHandleVerifier [0x005B6A47+3781319]
	GetHandleVerifier [0x005B6E36+3782326]
	GetHandleVerifier [0x005B6765+3780581]
	GetHandleVerifier [0x005BFB21+3818401]
	GetHandleVerifier [0x005B6721+3780513]
	GetHandleVerifier [0x005B74B2+3783986]
	GetHandleVerifier [0x005B6A47+3781319]
	GetHandleVerifier [0x005B6E36+3782326]
	GetHandleVerifier [0x005B6765+3780581]
	GetHandleVerifier [0x005BDF9C+3811356]
	GetHandleVerifier [0x005B6721+3780513]
	GetHandleVerifier [0x005B74B2+3783986]
	GetHandleVerifier [0x005B6A47+3781319]
	GetHandleVerifier [0x005B6E36+3782326]
	GetHandleVerifier [0x005B6765+3780581]
	GetHandleVerifier [0x005BC392+3804178]
	GetHandleVerifier [0x005B6721+3780513]
	GetHandleVerifier [0x005B74B2+3783986]
	GetHandleVerifier [0x005B6A47+3781319]
	GetHandleVerifier [0x005B6E36+3782326]
	GetHandleVerifier [0x005B6765+3780581]
	GetHandleVerifier [0x005BB655+3800789]
	GetHandleVerifier [0x005B6721+3780513]
	GetHandleVerifier [0x005B74B2+3783986]
	GetHandleVerifier [0x005B6A47+3781319]
	GetHandleVerifier [0x005B6E36+3782326]
	GetHandleVerifier [0x005B6765+3780581]
	GetHandleVerifier [0x005B2F46+3766214]
	GetHandleVerifier [0x005B6721+3780513]
	GetHandleVerifier [0x005B6543+3780035]
	GetHandleVerifier [0x005B6337+3779511]
	GetHandleVerifier [0x005C4540+3837376]
	GetHandleVerifier [0x005FF4BC+4078908]
	GetHandleVerifier [0x005FE56C+4074988]
	GetHandleVerifier [0x005FB2EB+4062059]
	GetHandleVerifier [0x005DED14+3945876]
	GetHandleVerifier [0x005DFBCE+3949646]
	GetHandleVerifier [0x005DFB59+3949529]
	Ordinal0 [0x001DB5CC+46540]
	Ordinal0 [0x001D9F53+40787]
	Ordinal0 [0x001D9B12+39698]
	GetHandleVerifier [0x004E1468+2907368]
	GetHandleVerifier [0x003271EE+1096302]
	GetHandleVerifier [0x002E3E8D+821005]
	GetHandleVerifier [0x002E396B+819691]
	GetHandleVerifier [0x002E3881+819457]
	GetHandleVerifier [0x0030F463+998627]
	BaseThreadInitThunk [0x754BFA29+25]
	RtlGetAppContainerNamedObjectPath [0x77587C7E+286]
	RtlGetAppContainerNamedObjectPath [0x77587C4E+238]

	at org.openqa.selenium.remote.W3CHandshakeResponse.lambda$errorHandler$0(W3CHandshakeResponse.java:62)
	at org.openqa.selenium.remote.HandshakeResponse.lambda$getResponseFunction$0(HandshakeResponse.java:30)
	at org.openqa.selenium.remote.ProtocolHandshake.lambda$createSession$0(ProtocolHandshake.java:126)
	at java.util.stream.ReferencePipeline$3$1.accept(ReferencePipeline.java:193)
	at java.util.Spliterators$ArraySpliterator.tryAdvance(Spliterators.java:958)
	at java.util.stream.ReferencePipeline.forEachWithCancel(ReferencePipeline.java:126)
	at java.util.stream.AbstractPipeline.copyIntoWithCancel(AbstractPipeline.java:499)
	at java.util.stream.AbstractPipeline.copyInto(AbstractPipeline.java:486)
	at java.util.stream.AbstractPipeline.wrapAndCopyInto(AbstractPipeline.java:472)
	at java.util.stream.FindOps$FindOp.evaluateSequential(FindOps.java:152)
	at java.util.stream.AbstractPipeline.evaluate(AbstractPipeline.java:234)
	at java.util.stream.ReferencePipeline.findFirst(ReferencePipeline.java:464)
	at org.openqa.selenium.remote.ProtocolHandshake.createSession(ProtocolHandshake.java:128)
	at org.openqa.selenium.remote.ProtocolHandshake.createSession(ProtocolHandshake.java:74)
	at org.openqa.selenium.remote.HttpCommandExecutor.execute(HttpCommandExecutor.java:136)
	at org.openqa.selenium.remote.service.DriverCommandExecutor.execute(DriverCommandExecutor.java:83)
	at org.openqa.selenium.remote.RemoteWebDriver.execute(RemoteWebDriver.java:552)
	at org.openqa.selenium.remote.RemoteWebDriver.startSession(RemoteWebDriver.java:213)
	at org.openqa.selenium.remote.RemoteWebDriver.&lt;init&gt;(RemoteWebDriver.java:131)
	at org.openqa.selenium.chrome.ChromeDriver.&lt;init&gt;(ChromeDriver.java:181)
	at org.openqa.selenium.chrome.ChromeDriver.&lt;init&gt;(ChromeDriver.java:168)
	at org.openqa.selenium.chrome.ChromeDriver.&lt;init&gt;(ChromeDriver.java:123)
	at com.epam.drivers.MyChromeWebDriver.openChrome(MyChromeWebDriver.java:17)
	at com.epam.base.TestBase.initialization(TestBase.java:34)
	at com.epam.testCases.AddRemoveElementPageTest.setUp(AddRemoveElementPageTest.java:19)
	at java.util.ArrayList.forEach(ArrayList.java:1259)
... Removed 39 stack frames</pre></div><a href='#' onClick='toggleBox("stack-trace1048098469", this, "Click to show all stack frames", "Click to hide stack frames")'>Click to show all stack frames</a>
<div class='stack-trace' id='stack-trace1048098469'><pre>org.openqa.selenium.SessionNotCreatedException: session not created
from timeout: Timed out receiving message from renderer: 600.000
  (Session info: chrome=89.0.4389.128)
Build info: version: &apos;3.141.59&apos;, revision: &apos;e82be7d358&apos;, time: &apos;2018-11-14T08:17:03&apos;
System info: host: &apos;EPINHYDW0767&apos;, ip: &apos;192.168.0.152&apos;, os.name: &apos;Windows 10&apos;, os.arch: &apos;amd64&apos;, os.version: &apos;10.0&apos;, java.version: &apos;1.8.0_281&apos;
Driver info: driver.version: MyChromeWebDriver
remote stacktrace: Backtrace:
	GetHandleVerifier [0x0021B963+483]
	GetHandleVerifier [0x0021B941+449]
	GetHandleVerifier [0x005C3308+3832712]
	GetHandleVerifier [0x005B778C+3784716]
	GetHandleVerifier [0x005B6A47+3781319]
	GetHandleVerifier [0x005B6E36+3782326]
	GetHandleVerifier [0x005B6765+3780581]
	GetHandleVerifier [0x005BFB21+3818401]
	GetHandleVerifier [0x005B6721+3780513]
	GetHandleVerifier [0x005B74B2+3783986]
	GetHandleVerifier [0x005B6A47+3781319]
	GetHandleVerifier [0x005B6E36+3782326]
	GetHandleVerifier [0x005B6765+3780581]
	GetHandleVerifier [0x005BDF9C+3811356]
	GetHandleVerifier [0x005B6721+3780513]
	GetHandleVerifier [0x005B74B2+3783986]
	GetHandleVerifier [0x005B6A47+3781319]
	GetHandleVerifier [0x005B6E36+3782326]
	GetHandleVerifier [0x005B6765+3780581]
	GetHandleVerifier [0x005BC392+3804178]
	GetHandleVerifier [0x005B6721+3780513]
	GetHandleVerifier [0x005B74B2+3783986]
	GetHandleVerifier [0x005B6A47+3781319]
	GetHandleVerifier [0x005B6E36+3782326]
	GetHandleVerifier [0x005B6765+3780581]
	GetHandleVerifier [0x005BB655+3800789]
	GetHandleVerifier [0x005B6721+3780513]
	GetHandleVerifier [0x005B74B2+3783986]
	GetHandleVerifier [0x005B6A47+3781319]
	GetHandleVerifier [0x005B6E36+3782326]
	GetHandleVerifier [0x005B6765+3780581]
	GetHandleVerifier [0x005B2F46+3766214]
	GetHandleVerifier [0x005B6721+3780513]
	GetHandleVerifier [0x005B6543+3780035]
	GetHandleVerifier [0x005B6337+3779511]
	GetHandleVerifier [0x005C4540+3837376]
	GetHandleVerifier [0x005FF4BC+4078908]
	GetHandleVerifier [0x005FE56C+4074988]
	GetHandleVerifier [0x005FB2EB+4062059]
	GetHandleVerifier [0x005DED14+3945876]
	GetHandleVerifier [0x005DFBCE+3949646]
	GetHandleVerifier [0x005DFB59+3949529]
	Ordinal0 [0x001DB5CC+46540]
	Ordinal0 [0x001D9F53+40787]
	Ordinal0 [0x001D9B12+39698]
	GetHandleVerifier [0x004E1468+2907368]
	GetHandleVerifier [0x003271EE+1096302]
	GetHandleVerifier [0x002E3E8D+821005]
	GetHandleVerifier [0x002E396B+819691]
	GetHandleVerifier [0x002E3881+819457]
	GetHandleVerifier [0x0030F463+998627]
	BaseThreadInitThunk [0x754BFA29+25]
	RtlGetAppContainerNamedObjectPath [0x77587C7E+286]
	RtlGetAppContainerNamedObjectPath [0x77587C4E+238]

	at sun.reflect.NativeConstructorAccessorImpl.newInstance0(Native Method)
	at sun.reflect.NativeConstructorAccessorImpl.newInstance(NativeConstructorAccessorImpl.java:62)
	at sun.reflect.DelegatingConstructorAccessorImpl.newInstance(DelegatingConstructorAccessorImpl.java:45)
	at java.lang.reflect.Constructor.newInstance(Constructor.java:423)
	at org.openqa.selenium.remote.W3CHandshakeResponse.lambda$errorHandler$0(W3CHandshakeResponse.java:62)
	at org.openqa.selenium.remote.HandshakeResponse.lambda$getResponseFunction$0(HandshakeResponse.java:30)
	at org.openqa.selenium.remote.ProtocolHandshake.lambda$createSession$0(ProtocolHandshake.java:126)
	at java.util.stream.ReferencePipeline$3$1.accept(ReferencePipeline.java:193)
	at java.util.Spliterators$ArraySpliterator.tryAdvance(Spliterators.java:958)
	at java.util.stream.ReferencePipeline.forEachWithCancel(ReferencePipeline.java:126)
	at java.util.stream.AbstractPipeline.copyIntoWithCancel(AbstractPipeline.java:499)
	at java.util.stream.AbstractPipeline.copyInto(AbstractPipeline.java:486)
	at java.util.stream.AbstractPipeline.wrapAndCopyInto(AbstractPipeline.java:472)
	at java.util.stream.FindOps$FindOp.evaluateSequential(FindOps.java:152)
	at java.util.stream.AbstractPipeline.evaluate(AbstractPipeline.java:234)
	at java.util.stream.ReferencePipeline.findFirst(ReferencePipeline.java:464)
	at org.openqa.selenium.remote.ProtocolHandshake.createSession(ProtocolHandshake.java:128)
	at org.openqa.selenium.remote.ProtocolHandshake.createSession(ProtocolHandshake.java:74)
	at org.openqa.selenium.remote.HttpCommandExecutor.execute(HttpCommandExecutor.java:136)
	at org.openqa.selenium.remote.service.DriverCommandExecutor.execute(DriverCommandExecutor.java:83)
	at org.openqa.selenium.remote.RemoteWebDriver.execute(RemoteWebDriver.java:552)
	at org.openqa.selenium.remote.RemoteWebDriver.startSession(RemoteWebDriver.java:213)
	at org.openqa.selenium.remote.RemoteWebDriver.&lt;init&gt;(RemoteWebDriver.java:131)
	at org.openqa.selenium.chrome.ChromeDriver.&lt;init&gt;(ChromeDriver.java:181)
	at org.openqa.selenium.chrome.ChromeDriver.&lt;init&gt;(ChromeDriver.java:168)
	at org.openqa.selenium.chrome.ChromeDriver.&lt;init&gt;(ChromeDriver.java:123)
	at com.epam.drivers.MyChromeWebDriver.openChrome(MyChromeWebDriver.java:17)
	at com.epam.base.TestBase.initialization(TestBase.java:34)
	at com.epam.testCases.AddRemoveElementPageTest.setUp(AddRemoveElementPageTest.java:19)
	at sun.reflect.NativeMethodAccessorImpl.invoke0(Native Method)
	at sun.reflect.NativeMethodAccessorImpl.invoke(NativeMethodAccessorImpl.java:62)
	at sun.reflect.DelegatingMethodAccessorImpl.invoke(DelegatingMethodAccessorImpl.java:43)
	at java.lang.reflect.Method.invoke(Method.java:498)
	at org.testng.internal.MethodInvocationHelper.invokeMethod(MethodInvocationHelper.java:132)
	at org.testng.internal.MethodInvocationHelper.invokeMethodConsideringTimeout(MethodInvocationHelper.java:61)
	at org.testng.internal.ConfigInvoker.invokeConfigurationMethod(ConfigInvoker.java:366)
	at org.testng.internal.ConfigInvoker.invokeConfigurations(ConfigInvoker.java:320)
	at org.testng.internal.TestMethodWorker.invokeBeforeClassMethods(TestMethodWorker.java:176)
	at org.testng.internal.TestMethodWorker.run(TestMethodWorker.java:122)
	at java.util.ArrayList.forEach(ArrayList.java:1259)
	at org.testng.TestRunner.privateRun(TestRunner.java:764)
	at org.testng.TestRunner.run(TestRunner.java:585)
	at org.testng.SuiteRunner.runTest(SuiteRunner.java:384)
	at org.testng.SuiteRunner.runSequentially(SuiteRunner.java:378)
	at org.testng.SuiteRunner.privateRun(SuiteRunner.java:337)
	at org.testng.SuiteRunner.run(SuiteRunner.java:286)
	at org.testng.SuiteRunnerWorker.runSuite(SuiteRunnerWorker.java:53)
	at org.testng.SuiteRunnerWorker.run(SuiteRunnerWorker.java:96)
	at org.testng.TestNG.runSuitesSequentially(TestNG.java:1218)
	at org.testng.TestNG.runSuitesLocally(TestNG.java:1140)
	at org.testng.TestNG.runSuites(TestNG.java:1069)
	at org.testng.TestNG.run(TestNG.java:1037)
	at org.apache.maven.surefire.testng.TestNGExecutor.run(TestNGExecutor.java:77)
	at org.apache.maven.surefire.testng.TestNGDirectoryTestSuite.executeMulti(TestNGDirectoryTestSuite.java:159)
	at org.apache.maven.surefire.testng.TestNGDirectoryTestSuite.execute(TestNGDirectoryTestSuite.java:99)
	at org.apache.maven.surefire.testng.TestNGProvider.invoke(TestNGProvider.java:106)
	at sun.reflect.NativeMethodAccessorImpl.invoke0(Native Method)
	at sun.reflect.NativeMethodAccessorImpl.invoke(NativeMethodAccessorImpl.java:62)
	at sun.reflect.DelegatingMethodAccessorImpl.invoke(DelegatingMethodAccessorImpl.java:43)
	at java.lang.reflect.Method.invoke(Method.java:498)
	at org.apache.maven.surefire.util.ReflectionUtils.invokeMethodWithArray(ReflectionUtils.java:189)
	at org.apache.maven.surefire.booter.ProviderFactory$ProviderProxy.invoke(ProviderFactory.java:165)
	at org.apache.maven.surefire.booter.ProviderFactory.invokeProvider(ProviderFactory.java:85)
	at org.apache.maven.surefire.booter.ForkedBooter.runSuitesInProcess(ForkedBooter.java:115)
	at org.apache.maven.surefire.booter.ForkedBooter.main(ForkedBooter.java:75)
</pre></div></td>
<td>0</td>
<td>com.epam.testCases.AddRemoveElementPageTest@42dafa95</td></tr>
<tr>
<td title='com.epam.testCases.AddRemoveElementPageTest.displayAddElementTest()'><b>displayAddElementTest</b><br>Test class: com.epam.testCases.AddRemoveElementPageTest</td>
<td><div><pre>org.openqa.selenium.SessionNotCreatedException: session not created
from timeout: Timed out receiving message from renderer: 600.000
  (Session info: chrome=89.0.4389.128)
Build info: version: &apos;3.141.59&apos;, revision: &apos;e82be7d358&apos;, time: &apos;2018-11-14T08:17:03&apos;
System info: host: &apos;EPINHYDW0767&apos;, ip: &apos;192.168.0.152&apos;, os.name: &apos;Windows 10&apos;, os.arch: &apos;amd64&apos;, os.version: &apos;10.0&apos;, java.version: &apos;1.8.0_281&apos;
Driver info: driver.version: MyChromeWebDriver
remote stacktrace: Backtrace:
	GetHandleVerifier [0x0021B963+483]
	GetHandleVerifier [0x0021B941+449]
	GetHandleVerifier [0x005C3308+3832712]
	GetHandleVerifier [0x005B778C+3784716]
	GetHandleVerifier [0x005B6A47+3781319]
	GetHandleVerifier [0x005B6E36+3782326]
	GetHandleVerifier [0x005B6765+3780581]
	GetHandleVerifier [0x005BFB21+3818401]
	GetHandleVerifier [0x005B6721+3780513]
	GetHandleVerifier [0x005B74B2+3783986]
	GetHandleVerifier [0x005B6A47+3781319]
	GetHandleVerifier [0x005B6E36+3782326]
	GetHandleVerifier [0x005B6765+3780581]
	GetHandleVerifier [0x005BDF9C+3811356]
	GetHandleVerifier [0x005B6721+3780513]
	GetHandleVerifier [0x005B74B2+3783986]
	GetHandleVerifier [0x005B6A47+3781319]
	GetHandleVerifier [0x005B6E36+3782326]
	GetHandleVerifier [0x005B6765+3780581]
	GetHandleVerifier [0x005BC392+3804178]
	GetHandleVerifier [0x005B6721+3780513]
	GetHandleVerifier [0x005B74B2+3783986]
	GetHandleVerifier [0x005B6A47+3781319]
	GetHandleVerifier [0x005B6E36+3782326]
	GetHandleVerifier [0x005B6765+3780581]
	GetHandleVerifier [0x005BB655+3800789]
	GetHandleVerifier [0x005B6721+3780513]
	GetHandleVerifier [0x005B74B2+3783986]
	GetHandleVerifier [0x005B6A47+3781319]
	GetHandleVerifier [0x005B6E36+3782326]
	GetHandleVerifier [0x005B6765+3780581]
	GetHandleVerifier [0x005B2F46+3766214]
	GetHandleVerifier [0x005B6721+3780513]
	GetHandleVerifier [0x005B6543+3780035]
	GetHandleVerifier [0x005B6337+3779511]
	GetHandleVerifier [0x005C4540+3837376]
	GetHandleVerifier [0x005FF4BC+4078908]
	GetHandleVerifier [0x005FE56C+4074988]
	GetHandleVerifier [0x005FB2EB+4062059]
	GetHandleVerifier [0x005DED14+3945876]
	GetHandleVerifier [0x005DFBCE+3949646]
	GetHandleVerifier [0x005DFB59+3949529]
	Ordinal0 [0x001DB5CC+46540]
	Ordinal0 [0x001D9F53+40787]
	Ordinal0 [0x001D9B12+39698]
	GetHandleVerifier [0x004E1468+2907368]
	GetHandleVerifier [0x003271EE+1096302]
	GetHandleVerifier [0x002E3E8D+821005]
	GetHandleVerifier [0x002E396B+819691]
	GetHandleVerifier [0x002E3881+819457]
	GetHandleVerifier [0x0030F463+998627]
	BaseThreadInitThunk [0x754BFA29+25]
	RtlGetAppContainerNamedObjectPath [0x77587C7E+286]
	RtlGetAppContainerNamedObjectPath [0x77587C4E+238]

	at org.openqa.selenium.remote.W3CHandshakeResponse.lambda$errorHandler$0(W3CHandshakeResponse.java:62)
	at org.openqa.selenium.remote.HandshakeResponse.lambda$getResponseFunction$0(HandshakeResponse.java:30)
	at org.openqa.selenium.remote.ProtocolHandshake.lambda$createSession$0(ProtocolHandshake.java:126)
	at java.util.stream.ReferencePipeline$3$1.accept(ReferencePipeline.java:193)
	at java.util.Spliterators$ArraySpliterator.tryAdvance(Spliterators.java:958)
	at java.util.stream.ReferencePipeline.forEachWithCancel(ReferencePipeline.java:126)
	at java.util.stream.AbstractPipeline.copyIntoWithCancel(AbstractPipeline.java:499)
	at java.util.stream.AbstractPipeline.copyInto(AbstractPipeline.java:486)
	at java.util.stream.AbstractPipeline.wrapAndCopyInto(AbstractPipeline.java:472)
	at java.util.stream.FindOps$FindOp.evaluateSequential(FindOps.java:152)
	at java.util.stream.AbstractPipeline.evaluate(AbstractPipeline.java:234)
	at java.util.stream.ReferencePipeline.findFirst(ReferencePipeline.java:464)
	at org.openqa.selenium.remote.ProtocolHandshake.createSession(ProtocolHandshake.java:128)
	at org.openqa.selenium.remote.ProtocolHandshake.createSession(ProtocolHandshake.java:74)
	at org.openqa.selenium.remote.HttpCommandExecutor.execute(HttpCommandExecutor.java:136)
	at org.openqa.selenium.remote.service.DriverCommandExecutor.execute(DriverCommandExecutor.java:83)
	at org.openqa.selenium.remote.RemoteWebDriver.execute(RemoteWebDriver.java:552)
	at org.openqa.selenium.remote.RemoteWebDriver.startSession(RemoteWebDriver.java:213)
	at org.openqa.selenium.remote.RemoteWebDriver.&lt;init&gt;(RemoteWebDriver.java:131)
	at org.openqa.selenium.chrome.ChromeDriver.&lt;init&gt;(ChromeDriver.java:181)
	at org.openqa.selenium.chrome.ChromeDriver.&lt;init&gt;(ChromeDriver.java:168)
	at org.openqa.selenium.chrome.ChromeDriver.&lt;init&gt;(ChromeDriver.java:123)
	at com.epam.drivers.MyChromeWebDriver.openChrome(MyChromeWebDriver.java:17)
	at com.epam.base.TestBase.initialization(TestBase.java:34)
	at com.epam.testCases.AddRemoveElementPageTest.setUp(AddRemoveElementPageTest.java:19)
	at java.util.ArrayList.forEach(ArrayList.java:1259)
... Removed 39 stack frames</pre></div><a href='#' onClick='toggleBox("stack-trace549293029", this, "Click to show all stack frames", "Click to hide stack frames")'>Click to show all stack frames</a>
<div class='stack-trace' id='stack-trace549293029'><pre>org.openqa.selenium.SessionNotCreatedException: session not created
from timeout: Timed out receiving message from renderer: 600.000
  (Session info: chrome=89.0.4389.128)
Build info: version: &apos;3.141.59&apos;, revision: &apos;e82be7d358&apos;, time: &apos;2018-11-14T08:17:03&apos;
System info: host: &apos;EPINHYDW0767&apos;, ip: &apos;192.168.0.152&apos;, os.name: &apos;Windows 10&apos;, os.arch: &apos;amd64&apos;, os.version: &apos;10.0&apos;, java.version: &apos;1.8.0_281&apos;
Driver info: driver.version: MyChromeWebDriver
remote stacktrace: Backtrace:
	GetHandleVerifier [0x0021B963+483]
	GetHandleVerifier [0x0021B941+449]
	GetHandleVerifier [0x005C3308+3832712]
	GetHandleVerifier [0x005B778C+3784716]
	GetHandleVerifier [0x005B6A47+3781319]
	GetHandleVerifier [0x005B6E36+3782326]
	GetHandleVerifier [0x005B6765+3780581]
	GetHandleVerifier [0x005BFB21+3818401]
	GetHandleVerifier [0x005B6721+3780513]
	GetHandleVerifier [0x005B74B2+3783986]
	GetHandleVerifier [0x005B6A47+3781319]
	GetHandleVerifier [0x005B6E36+3782326]
	GetHandleVerifier [0x005B6765+3780581]
	GetHandleVerifier [0x005BDF9C+3811356]
	GetHandleVerifier [0x005B6721+3780513]
	GetHandleVerifier [0x005B74B2+3783986]
	GetHandleVerifier [0x005B6A47+3781319]
	GetHandleVerifier [0x005B6E36+3782326]
	GetHandleVerifier [0x005B6765+3780581]
	GetHandleVerifier [0x005BC392+3804178]
	GetHandleVerifier [0x005B6721+3780513]
	GetHandleVerifier [0x005B74B2+3783986]
	GetHandleVerifier [0x005B6A47+3781319]
	GetHandleVerifier [0x005B6E36+3782326]
	GetHandleVerifier [0x005B6765+3780581]
	GetHandleVerifier [0x005BB655+3800789]
	GetHandleVerifier [0x005B6721+3780513]
	GetHandleVerifier [0x005B74B2+3783986]
	GetHandleVerifier [0x005B6A47+3781319]
	GetHandleVerifier [0x005B6E36+3782326]
	GetHandleVerifier [0x005B6765+3780581]
	GetHandleVerifier [0x005B2F46+3766214]
	GetHandleVerifier [0x005B6721+3780513]
	GetHandleVerifier [0x005B6543+3780035]
	GetHandleVerifier [0x005B6337+3779511]
	GetHandleVerifier [0x005C4540+3837376]
	GetHandleVerifier [0x005FF4BC+4078908]
	GetHandleVerifier [0x005FE56C+4074988]
	GetHandleVerifier [0x005FB2EB+4062059]
	GetHandleVerifier [0x005DED14+3945876]
	GetHandleVerifier [0x005DFBCE+3949646]
	GetHandleVerifier [0x005DFB59+3949529]
	Ordinal0 [0x001DB5CC+46540]
	Ordinal0 [0x001D9F53+40787]
	Ordinal0 [0x001D9B12+39698]
	GetHandleVerifier [0x004E1468+2907368]
	GetHandleVerifier [0x003271EE+1096302]
	GetHandleVerifier [0x002E3E8D+821005]
	GetHandleVerifier [0x002E396B+819691]
	GetHandleVerifier [0x002E3881+819457]
	GetHandleVerifier [0x0030F463+998627]
	BaseThreadInitThunk [0x754BFA29+25]
	RtlGetAppContainerNamedObjectPath [0x77587C7E+286]
	RtlGetAppContainerNamedObjectPath [0x77587C4E+238]

	at sun.reflect.NativeConstructorAccessorImpl.newInstance0(Native Method)
	at sun.reflect.NativeConstructorAccessorImpl.newInstance(NativeConstructorAccessorImpl.java:62)
	at sun.reflect.DelegatingConstructorAccessorImpl.newInstance(DelegatingConstructorAccessorImpl.java:45)
	at java.lang.reflect.Constructor.newInstance(Constructor.java:423)
	at org.openqa.selenium.remote.W3CHandshakeResponse.lambda$errorHandler$0(W3CHandshakeResponse.java:62)
	at org.openqa.selenium.remote.HandshakeResponse.lambda$getResponseFunction$0(HandshakeResponse.java:30)
	at org.openqa.selenium.remote.ProtocolHandshake.lambda$createSession$0(ProtocolHandshake.java:126)
	at java.util.stream.ReferencePipeline$3$1.accept(ReferencePipeline.java:193)
	at java.util.Spliterators$ArraySpliterator.tryAdvance(Spliterators.java:958)
	at java.util.stream.ReferencePipeline.forEachWithCancel(ReferencePipeline.java:126)
	at java.util.stream.AbstractPipeline.copyIntoWithCancel(AbstractPipeline.java:499)
	at java.util.stream.AbstractPipeline.copyInto(AbstractPipeline.java:486)
	at java.util.stream.AbstractPipeline.wrapAndCopyInto(AbstractPipeline.java:472)
	at java.util.stream.FindOps$FindOp.evaluateSequential(FindOps.java:152)
	at java.util.stream.AbstractPipeline.evaluate(AbstractPipeline.java:234)
	at java.util.stream.ReferencePipeline.findFirst(ReferencePipeline.java:464)
	at org.openqa.selenium.remote.ProtocolHandshake.createSession(ProtocolHandshake.java:128)
	at org.openqa.selenium.remote.ProtocolHandshake.createSession(ProtocolHandshake.java:74)
	at org.openqa.selenium.remote.HttpCommandExecutor.execute(HttpCommandExecutor.java:136)
	at org.openqa.selenium.remote.service.DriverCommandExecutor.execute(DriverCommandExecutor.java:83)
	at org.openqa.selenium.remote.RemoteWebDriver.execute(RemoteWebDriver.java:552)
	at org.openqa.selenium.remote.RemoteWebDriver.startSession(RemoteWebDriver.java:213)
	at org.openqa.selenium.remote.RemoteWebDriver.&lt;init&gt;(RemoteWebDriver.java:131)
	at org.openqa.selenium.chrome.ChromeDriver.&lt;init&gt;(ChromeDriver.java:181)
	at org.openqa.selenium.chrome.ChromeDriver.&lt;init&gt;(ChromeDriver.java:168)
	at org.openqa.selenium.chrome.ChromeDriver.&lt;init&gt;(ChromeDriver.java:123)
	at com.epam.drivers.MyChromeWebDriver.openChrome(MyChromeWebDriver.java:17)
	at com.epam.base.TestBase.initialization(TestBase.java:34)
	at com.epam.testCases.AddRemoveElementPageTest.setUp(AddRemoveElementPageTest.java:19)
	at sun.reflect.NativeMethodAccessorImpl.invoke0(Native Method)
	at sun.reflect.NativeMethodAccessorImpl.invoke(NativeMethodAccessorImpl.java:62)
	at sun.reflect.DelegatingMethodAccessorImpl.invoke(DelegatingMethodAccessorImpl.java:43)
	at java.lang.reflect.Method.invoke(Method.java:498)
	at org.testng.internal.MethodInvocationHelper.invokeMethod(MethodInvocationHelper.java:132)
	at org.testng.internal.MethodInvocationHelper.invokeMethodConsideringTimeout(MethodInvocationHelper.java:61)
	at org.testng.internal.ConfigInvoker.invokeConfigurationMethod(ConfigInvoker.java:366)
	at org.testng.internal.ConfigInvoker.invokeConfigurations(ConfigInvoker.java:320)
	at org.testng.internal.TestMethodWorker.invokeBeforeClassMethods(TestMethodWorker.java:176)
	at org.testng.internal.TestMethodWorker.run(TestMethodWorker.java:122)
	at java.util.ArrayList.forEach(ArrayList.java:1259)
	at org.testng.TestRunner.privateRun(TestRunner.java:764)
	at org.testng.TestRunner.run(TestRunner.java:585)
	at org.testng.SuiteRunner.runTest(SuiteRunner.java:384)
	at org.testng.SuiteRunner.runSequentially(SuiteRunner.java:378)
	at org.testng.SuiteRunner.privateRun(SuiteRunner.java:337)
	at org.testng.SuiteRunner.run(SuiteRunner.java:286)
	at org.testng.SuiteRunnerWorker.runSuite(SuiteRunnerWorker.java:53)
	at org.testng.SuiteRunnerWorker.run(SuiteRunnerWorker.java:96)
	at org.testng.TestNG.runSuitesSequentially(TestNG.java:1218)
	at org.testng.TestNG.runSuitesLocally(TestNG.java:1140)
	at org.testng.TestNG.runSuites(TestNG.java:1069)
	at org.testng.TestNG.run(TestNG.java:1037)
	at org.apache.maven.surefire.testng.TestNGExecutor.run(TestNGExecutor.java:77)
	at org.apache.maven.surefire.testng.TestNGDirectoryTestSuite.executeMulti(TestNGDirectoryTestSuite.java:159)
	at org.apache.maven.surefire.testng.TestNGDirectoryTestSuite.execute(TestNGDirectoryTestSuite.java:99)
	at org.apache.maven.surefire.testng.TestNGProvider.invoke(TestNGProvider.java:106)
	at sun.reflect.NativeMethodAccessorImpl.invoke0(Native Method)
	at sun.reflect.NativeMethodAccessorImpl.invoke(NativeMethodAccessorImpl.java:62)
	at sun.reflect.DelegatingMethodAccessorImpl.invoke(DelegatingMethodAccessorImpl.java:43)
	at java.lang.reflect.Method.invoke(Method.java:498)
	at org.apache.maven.surefire.util.ReflectionUtils.invokeMethodWithArray(ReflectionUtils.java:189)
	at org.apache.maven.surefire.booter.ProviderFactory$ProviderProxy.invoke(ProviderFactory.java:165)
	at org.apache.maven.surefire.booter.ProviderFactory.invokeProvider(ProviderFactory.java:85)
	at org.apache.maven.surefire.booter.ForkedBooter.runSuitesInProcess(ForkedBooter.java:115)
	at org.apache.maven.surefire.booter.ForkedBooter.main(ForkedBooter.java:75)
</pre></div></td>
<td>0</td>
<td>com.epam.testCases.AddRemoveElementPageTest@42dafa95</td></tr>
<tr>
<td title='com.epam.testCases.AddRemoveElementPageTest.displayDeleteElement()'><b>displayDeleteElement</b><br>Test class: com.epam.testCases.AddRemoveElementPageTest</td>
<td><div><pre>org.openqa.selenium.SessionNotCreatedException: session not created
from timeout: Timed out receiving message from renderer: 600.000
  (Session info: chrome=89.0.4389.128)
Build info: version: &apos;3.141.59&apos;, revision: &apos;e82be7d358&apos;, time: &apos;2018-11-14T08:17:03&apos;
System info: host: &apos;EPINHYDW0767&apos;, ip: &apos;192.168.0.152&apos;, os.name: &apos;Windows 10&apos;, os.arch: &apos;amd64&apos;, os.version: &apos;10.0&apos;, java.version: &apos;1.8.0_281&apos;
Driver info: driver.version: MyChromeWebDriver
remote stacktrace: Backtrace:
	GetHandleVerifier [0x0021B963+483]
	GetHandleVerifier [0x0021B941+449]
	GetHandleVerifier [0x005C3308+3832712]
	GetHandleVerifier [0x005B778C+3784716]
	GetHandleVerifier [0x005B6A47+3781319]
	GetHandleVerifier [0x005B6E36+3782326]
	GetHandleVerifier [0x005B6765+3780581]
	GetHandleVerifier [0x005BFB21+3818401]
	GetHandleVerifier [0x005B6721+3780513]
	GetHandleVerifier [0x005B74B2+3783986]
	GetHandleVerifier [0x005B6A47+3781319]
	GetHandleVerifier [0x005B6E36+3782326]
	GetHandleVerifier [0x005B6765+3780581]
	GetHandleVerifier [0x005BDF9C+3811356]
	GetHandleVerifier [0x005B6721+3780513]
	GetHandleVerifier [0x005B74B2+3783986]
	GetHandleVerifier [0x005B6A47+3781319]
	GetHandleVerifier [0x005B6E36+3782326]
	GetHandleVerifier [0x005B6765+3780581]
	GetHandleVerifier [0x005BC392+3804178]
	GetHandleVerifier [0x005B6721+3780513]
	GetHandleVerifier [0x005B74B2+3783986]
	GetHandleVerifier [0x005B6A47+3781319]
	GetHandleVerifier [0x005B6E36+3782326]
	GetHandleVerifier [0x005B6765+3780581]
	GetHandleVerifier [0x005BB655+3800789]
	GetHandleVerifier [0x005B6721+3780513]
	GetHandleVerifier [0x005B74B2+3783986]
	GetHandleVerifier [0x005B6A47+3781319]
	GetHandleVerifier [0x005B6E36+3782326]
	GetHandleVerifier [0x005B6765+3780581]
	GetHandleVerifier [0x005B2F46+3766214]
	GetHandleVerifier [0x005B6721+3780513]
	GetHandleVerifier [0x005B6543+3780035]
	GetHandleVerifier [0x005B6337+3779511]
	GetHandleVerifier [0x005C4540+3837376]
	GetHandleVerifier [0x005FF4BC+4078908]
	GetHandleVerifier [0x005FE56C+4074988]
	GetHandleVerifier [0x005FB2EB+4062059]
	GetHandleVerifier [0x005DED14+3945876]
	GetHandleVerifier [0x005DFBCE+3949646]
	GetHandleVerifier [0x005DFB59+3949529]
	Ordinal0 [0x001DB5CC+46540]
	Ordinal0 [0x001D9F53+40787]
	Ordinal0 [0x001D9B12+39698]
	GetHandleVerifier [0x004E1468+2907368]
	GetHandleVerifier [0x003271EE+1096302]
	GetHandleVerifier [0x002E3E8D+821005]
	GetHandleVerifier [0x002E396B+819691]
	GetHandleVerifier [0x002E3881+819457]
	GetHandleVerifier [0x0030F463+998627]
	BaseThreadInitThunk [0x754BFA29+25]
	RtlGetAppContainerNamedObjectPath [0x77587C7E+286]
	RtlGetAppContainerNamedObjectPath [0x77587C4E+238]

	at org.openqa.selenium.remote.W3CHandshakeResponse.lambda$errorHandler$0(W3CHandshakeResponse.java:62)
	at org.openqa.selenium.remote.HandshakeResponse.lambda$getResponseFunction$0(HandshakeResponse.java:30)
	at org.openqa.selenium.remote.ProtocolHandshake.lambda$createSession$0(ProtocolHandshake.java:126)
	at java.util.stream.ReferencePipeline$3$1.accept(ReferencePipeline.java:193)
	at java.util.Spliterators$ArraySpliterator.tryAdvance(Spliterators.java:958)
	at java.util.stream.ReferencePipeline.forEachWithCancel(ReferencePipeline.java:126)
	at java.util.stream.AbstractPipeline.copyIntoWithCancel(AbstractPipeline.java:499)
	at java.util.stream.AbstractPipeline.copyInto(AbstractPipeline.java:486)
	at java.util.stream.AbstractPipeline.wrapAndCopyInto(AbstractPipeline.java:472)
	at java.util.stream.FindOps$FindOp.evaluateSequential(FindOps.java:152)
	at java.util.stream.AbstractPipeline.evaluate(AbstractPipeline.java:234)
	at java.util.stream.ReferencePipeline.findFirst(ReferencePipeline.java:464)
	at org.openqa.selenium.remote.ProtocolHandshake.createSession(ProtocolHandshake.java:128)
	at org.openqa.selenium.remote.ProtocolHandshake.createSession(ProtocolHandshake.java:74)
	at org.openqa.selenium.remote.HttpCommandExecutor.execute(HttpCommandExecutor.java:136)
	at org.openqa.selenium.remote.service.DriverCommandExecutor.execute(DriverCommandExecutor.java:83)
	at org.openqa.selenium.remote.RemoteWebDriver.execute(RemoteWebDriver.java:552)
	at org.openqa.selenium.remote.RemoteWebDriver.startSession(RemoteWebDriver.java:213)
	at org.openqa.selenium.remote.RemoteWebDriver.&lt;init&gt;(RemoteWebDriver.java:131)
	at org.openqa.selenium.chrome.ChromeDriver.&lt;init&gt;(ChromeDriver.java:181)
	at org.openqa.selenium.chrome.ChromeDriver.&lt;init&gt;(ChromeDriver.java:168)
	at org.openqa.selenium.chrome.ChromeDriver.&lt;init&gt;(ChromeDriver.java:123)
	at com.epam.drivers.MyChromeWebDriver.openChrome(MyChromeWebDriver.java:17)
	at com.epam.base.TestBase.initialization(TestBase.java:34)
	at com.epam.testCases.AddRemoveElementPageTest.setUp(AddRemoveElementPageTest.java:19)
	at java.util.ArrayList.forEach(ArrayList.java:1259)
... Removed 39 stack frames</pre></div><a href='#' onClick='toggleBox("stack-trace1624972302", this, "Click to show all stack frames", "Click to hide stack frames")'>Click to show all stack frames</a>
<div class='stack-trace' id='stack-trace1624972302'><pre>org.openqa.selenium.SessionNotCreatedException: session not created
from timeout: Timed out receiving message from renderer: 600.000
  (Session info: chrome=89.0.4389.128)
Build info: version: &apos;3.141.59&apos;, revision: &apos;e82be7d358&apos;, time: &apos;2018-11-14T08:17:03&apos;
System info: host: &apos;EPINHYDW0767&apos;, ip: &apos;192.168.0.152&apos;, os.name: &apos;Windows 10&apos;, os.arch: &apos;amd64&apos;, os.version: &apos;10.0&apos;, java.version: &apos;1.8.0_281&apos;
Driver info: driver.version: MyChromeWebDriver
remote stacktrace: Backtrace:
	GetHandleVerifier [0x0021B963+483]
	GetHandleVerifier [0x0021B941+449]
	GetHandleVerifier [0x005C3308+3832712]
	GetHandleVerifier [0x005B778C+3784716]
	GetHandleVerifier [0x005B6A47+3781319]
	GetHandleVerifier [0x005B6E36+3782326]
	GetHandleVerifier [0x005B6765+3780581]
	GetHandleVerifier [0x005BFB21+3818401]
	GetHandleVerifier [0x005B6721+3780513]
	GetHandleVerifier [0x005B74B2+3783986]
	GetHandleVerifier [0x005B6A47+3781319]
	GetHandleVerifier [0x005B6E36+3782326]
	GetHandleVerifier [0x005B6765+3780581]
	GetHandleVerifier [0x005BDF9C+3811356]
	GetHandleVerifier [0x005B6721+3780513]
	GetHandleVerifier [0x005B74B2+3783986]
	GetHandleVerifier [0x005B6A47+3781319]
	GetHandleVerifier [0x005B6E36+3782326]
	GetHandleVerifier [0x005B6765+3780581]
	GetHandleVerifier [0x005BC392+3804178]
	GetHandleVerifier [0x005B6721+3780513]
	GetHandleVerifier [0x005B74B2+3783986]
	GetHandleVerifier [0x005B6A47+3781319]
	GetHandleVerifier [0x005B6E36+3782326]
	GetHandleVerifier [0x005B6765+3780581]
	GetHandleVerifier [0x005BB655+3800789]
	GetHandleVerifier [0x005B6721+3780513]
	GetHandleVerifier [0x005B74B2+3783986]
	GetHandleVerifier [0x005B6A47+3781319]
	GetHandleVerifier [0x005B6E36+3782326]
	GetHandleVerifier [0x005B6765+3780581]
	GetHandleVerifier [0x005B2F46+3766214]
	GetHandleVerifier [0x005B6721+3780513]
	GetHandleVerifier [0x005B6543+3780035]
	GetHandleVerifier [0x005B6337+3779511]
	GetHandleVerifier [0x005C4540+3837376]
	GetHandleVerifier [0x005FF4BC+4078908]
	GetHandleVerifier [0x005FE56C+4074988]
	GetHandleVerifier [0x005FB2EB+4062059]
	GetHandleVerifier [0x005DED14+3945876]
	GetHandleVerifier [0x005DFBCE+3949646]
	GetHandleVerifier [0x005DFB59+3949529]
	Ordinal0 [0x001DB5CC+46540]
	Ordinal0 [0x001D9F53+40787]
	Ordinal0 [0x001D9B12+39698]
	GetHandleVerifier [0x004E1468+2907368]
	GetHandleVerifier [0x003271EE+1096302]
	GetHandleVerifier [0x002E3E8D+821005]
	GetHandleVerifier [0x002E396B+819691]
	GetHandleVerifier [0x002E3881+819457]
	GetHandleVerifier [0x0030F463+998627]
	BaseThreadInitThunk [0x754BFA29+25]
	RtlGetAppContainerNamedObjectPath [0x77587C7E+286]
	RtlGetAppContainerNamedObjectPath [0x77587C4E+238]

	at sun.reflect.NativeConstructorAccessorImpl.newInstance0(Native Method)
	at sun.reflect.NativeConstructorAccessorImpl.newInstance(NativeConstructorAccessorImpl.java:62)
	at sun.reflect.DelegatingConstructorAccessorImpl.newInstance(DelegatingConstructorAccessorImpl.java:45)
	at java.lang.reflect.Constructor.newInstance(Constructor.java:423)
	at org.openqa.selenium.remote.W3CHandshakeResponse.lambda$errorHandler$0(W3CHandshakeResponse.java:62)
	at org.openqa.selenium.remote.HandshakeResponse.lambda$getResponseFunction$0(HandshakeResponse.java:30)
	at org.openqa.selenium.remote.ProtocolHandshake.lambda$createSession$0(ProtocolHandshake.java:126)
	at java.util.stream.ReferencePipeline$3$1.accept(ReferencePipeline.java:193)
	at java.util.Spliterators$ArraySpliterator.tryAdvance(Spliterators.java:958)
	at java.util.stream.ReferencePipeline.forEachWithCancel(ReferencePipeline.java:126)
	at java.util.stream.AbstractPipeline.copyIntoWithCancel(AbstractPipeline.java:499)
	at java.util.stream.AbstractPipeline.copyInto(AbstractPipeline.java:486)
	at java.util.stream.AbstractPipeline.wrapAndCopyInto(AbstractPipeline.java:472)
	at java.util.stream.FindOps$FindOp.evaluateSequential(FindOps.java:152)
	at java.util.stream.AbstractPipeline.evaluate(AbstractPipeline.java:234)
	at java.util.stream.ReferencePipeline.findFirst(ReferencePipeline.java:464)
	at org.openqa.selenium.remote.ProtocolHandshake.createSession(ProtocolHandshake.java:128)
	at org.openqa.selenium.remote.ProtocolHandshake.createSession(ProtocolHandshake.java:74)
	at org.openqa.selenium.remote.HttpCommandExecutor.execute(HttpCommandExecutor.java:136)
	at org.openqa.selenium.remote.service.DriverCommandExecutor.execute(DriverCommandExecutor.java:83)
	at org.openqa.selenium.remote.RemoteWebDriver.execute(RemoteWebDriver.java:552)
	at org.openqa.selenium.remote.RemoteWebDriver.startSession(RemoteWebDriver.java:213)
	at org.openqa.selenium.remote.RemoteWebDriver.&lt;init&gt;(RemoteWebDriver.java:131)
	at org.openqa.selenium.chrome.ChromeDriver.&lt;init&gt;(ChromeDriver.java:181)
	at org.openqa.selenium.chrome.ChromeDriver.&lt;init&gt;(ChromeDriver.java:168)
	at org.openqa.selenium.chrome.ChromeDriver.&lt;init&gt;(ChromeDriver.java:123)
	at com.epam.drivers.MyChromeWebDriver.openChrome(MyChromeWebDriver.java:17)
	at com.epam.base.TestBase.initialization(TestBase.java:34)
	at com.epam.testCases.AddRemoveElementPageTest.setUp(AddRemoveElementPageTest.java:19)
	at sun.reflect.NativeMethodAccessorImpl.invoke0(Native Method)
	at sun.reflect.NativeMethodAccessorImpl.invoke(NativeMethodAccessorImpl.java:62)
	at sun.reflect.DelegatingMethodAccessorImpl.invoke(DelegatingMethodAccessorImpl.java:43)
	at java.lang.reflect.Method.invoke(Method.java:498)
	at org.testng.internal.MethodInvocationHelper.invokeMethod(MethodInvocationHelper.java:132)
	at org.testng.internal.MethodInvocationHelper.invokeMethodConsideringTimeout(MethodInvocationHelper.java:61)
	at org.testng.internal.ConfigInvoker.invokeConfigurationMethod(ConfigInvoker.java:366)
	at org.testng.internal.ConfigInvoker.invokeConfigurations(ConfigInvoker.java:320)
	at org.testng.internal.TestMethodWorker.invokeBeforeClassMethods(TestMethodWorker.java:176)
	at org.testng.internal.TestMethodWorker.run(TestMethodWorker.java:122)
	at java.util.ArrayList.forEach(ArrayList.java:1259)
	at org.testng.TestRunner.privateRun(TestRunner.java:764)
	at org.testng.TestRunner.run(TestRunner.java:585)
	at org.testng.SuiteRunner.runTest(SuiteRunner.java:384)
	at org.testng.SuiteRunner.runSequentially(SuiteRunner.java:378)
	at org.testng.SuiteRunner.privateRun(SuiteRunner.java:337)
	at org.testng.SuiteRunner.run(SuiteRunner.java:286)
	at org.testng.SuiteRunnerWorker.runSuite(SuiteRunnerWorker.java:53)
	at org.testng.SuiteRunnerWorker.run(SuiteRunnerWorker.java:96)
	at org.testng.TestNG.runSuitesSequentially(TestNG.java:1218)
	at org.testng.TestNG.runSuitesLocally(TestNG.java:1140)
	at org.testng.TestNG.runSuites(TestNG.java:1069)
	at org.testng.TestNG.run(TestNG.java:1037)
	at org.apache.maven.surefire.testng.TestNGExecutor.run(TestNGExecutor.java:77)
	at org.apache.maven.surefire.testng.TestNGDirectoryTestSuite.executeMulti(TestNGDirectoryTestSuite.java:159)
	at org.apache.maven.surefire.testng.TestNGDirectoryTestSuite.execute(TestNGDirectoryTestSuite.java:99)
	at org.apache.maven.surefire.testng.TestNGProvider.invoke(TestNGProvider.java:106)
	at sun.reflect.NativeMethodAccessorImpl.invoke0(Native Method)
	at sun.reflect.NativeMethodAccessorImpl.invoke(NativeMethodAccessorImpl.java:62)
	at sun.reflect.DelegatingMethodAccessorImpl.invoke(DelegatingMethodAccessorImpl.java:43)
	at java.lang.reflect.Method.invoke(Method.java:498)
	at org.apache.maven.surefire.util.ReflectionUtils.invokeMethodWithArray(ReflectionUtils.java:189)
	at org.apache.maven.surefire.booter.ProviderFactory$ProviderProxy.invoke(ProviderFactory.java:165)
	at org.apache.maven.surefire.booter.ProviderFactory.invokeProvider(ProviderFactory.java:85)
	at org.apache.maven.surefire.booter.ForkedBooter.runSuitesInProcess(ForkedBooter.java:115)
	at org.apache.maven.surefire.booter.ForkedBooter.main(ForkedBooter.java:75)
</pre></div></td>
<td>0</td>
<td>com.epam.testCases.AddRemoveElementPageTest@42dafa95</td></tr>
</table><p>
</body>
</html>