<?xml version="1.0" encoding="UTF-8"?>
<testng-results skipped="4" failed="0" ignored="0" total="6" passed="2">
  <reporter-output>
  </reporter-output>
  <suite name="Command line suite" duration-ms="641909" started-at="2021-04-19T15:52:48 IST" finished-at="2021-04-19T16:03:30 IST">
    <groups>
    </groups>
    <test name="Command line test" duration-ms="641909" started-at="2021-04-19T15:52:48 IST" finished-at="2021-04-19T16:03:30 IST">
      <class name="com.epam.testCases.AddRemoveElementPageTest">
        <test-method status="FAIL" signature="setUp()[pri:0, instance:com.epam.testCases.AddRemoveElementPageTest@42dafa95]" name="setUp" is-config="true" duration-ms="630314" started-at="2021-04-19T15:52:48 IST" finished-at="2021-04-19T16:03:18 IST">
          <exception class="org.openqa.selenium.SessionNotCreatedException">
            <message>
              <![CDATA[session not created
from timeout: Timed out receiving message from renderer: 600.000
  (Session info: chrome=89.0.4389.128)
Build info: version: '3.141.59', revision: 'e82be7d358', time: '2018-11-14T08:17:03'
System info: host: 'EPINHYDW0767', ip: '192.168.0.152', os.name: 'Windows 10', os.arch: 'amd64', os.version: '10.0', java.version: '1.8.0_281'
Driver info: driver.version: MyChromeWebDriver
remote stacktrace: Backtrace:
GetHandleVerifier [0x0021B963+483]
GetHandleVerifier [0x0021B941+449]
GetHandleVerifier [0x005C3308+3832712]
GetHandleVerifier [0x005B778C+3784716]
GetHandleVerifier [0x005B6A47+3781319]
GetHandleVerifier [0x005B6E36+3782326]
GetHandleVerifier [0x005B6765+3780581]
GetHandleVerifier [0x005BFB21+3818401]
GetHandleVerifier [0x005B6721+3780513]
GetHandleVerifier [0x005B74B2+3783986]
GetHandleVerifier [0x005B6A47+3781319]
GetHandleVerifier [0x005B6E36+3782326]
GetHandleVerifier [0x005B6765+3780581]
GetHandleVerifier [0x005BDF9C+3811356]
GetHandleVerifier [0x005B6721+3780513]
GetHandleVerifier [0x005B74B2+3783986]
GetHandleVerifier [0x005B6A47+3781319]
GetHandleVerifier [0x005B6E36+3782326]
GetHandleVerifier [0x005B6765+3780581]
GetHandleVerifier [0x005BC392+3804178]
GetHandleVerifier [0x005B6721+3780513]
GetHandleVerifier [0x005B74B2+3783986]
GetHandleVerifier [0x005B6A47+3781319]
GetHandleVerifier [0x005B6E36+3782326]
GetHandleVerifier [0x005B6765+3780581]
GetHandleVerifier [0x005BB655+3800789]
GetHandleVerifier [0x005B6721+3780513]
GetHandleVerifier [0x005B74B2+3783986]
GetHandleVerifier [0x005B6A47+3781319]
GetHandleVerifier [0x005B6E36+3782326]
GetHandleVerifier [0x005B6765+3780581]
GetHandleVerifier [0x005B2F46+3766214]
GetHandleVerifier [0x005B6721+3780513]
GetHandleVerifier [0x005B6543+3780035]
GetHandleVerifier [0x005B6337+3779511]
GetHandleVerifier [0x005C4540+3837376]
GetHandleVerifier [0x005FF4BC+4078908]
GetHandleVerifier [0x005FE56C+4074988]
GetHandleVerifier [0x005FB2EB+4062059]
GetHandleVerifier [0x005DED14+3945876]
GetHandleVerifier [0x005DFBCE+3949646]
GetHandleVerifier [0x005DFB59+3949529]
Ordinal0 [0x001DB5CC+46540]
Ordinal0 [0x001D9F53+40787]
Ordinal0 [0x001D9B12+39698]
GetHandleVerifier [0x004E1468+2907368]
GetHandleVerifier [0x003271EE+1096302]
GetHandleVerifier [0x002E3E8D+821005]
GetHandleVerifier [0x002E396B+819691]
GetHandleVerifier [0x002E3881+819457]
GetHandleVerifier [0x0030F463+998627]
BaseThreadInitThunk [0x754BFA29+25]
RtlGetAppContainerNamedObjectPath [0x77587C7E+286]
RtlGetAppContainerNamedObjectPath [0x77587C4E+238]
]]>
            </message>
            <full-stacktrace>
              <![CDATA[org.openqa.selenium.SessionNotCreatedException: session not created
from timeout: Timed out receiving message from renderer: 600.000
  (Session info: chrome=89.0.4389.128)
Build info: version: '3.141.59', revision: 'e82be7d358', time: '2018-11-14T08:17:03'
System info: host: 'EPINHYDW0767', ip: '192.168.0.152', os.name: 'Windows 10', os.arch: 'amd64', os.version: '10.0', java.version: '1.8.0_281'
Driver info: driver.version: MyChromeWebDriver
remote stacktrace: Backtrace:
GetHandleVerifier [0x0021B963+483]
GetHandleVerifier [0x0021B941+449]
GetHandleVerifier [0x005C3308+3832712]
GetHandleVerifier [0x005B778C+3784716]
GetHandleVerifier [0x005B6A47+3781319]
GetHandleVerifier [0x005B6E36+3782326]
GetHandleVerifier [0x005B6765+3780581]
GetHandleVerifier [0x005BFB21+3818401]
GetHandleVerifier [0x005B6721+3780513]
GetHandleVerifier [0x005B74B2+3783986]
GetHandleVerifier [0x005B6A47+3781319]
GetHandleVerifier [0x005B6E36+3782326]
GetHandleVerifier [0x005B6765+3780581]
GetHandleVerifier [0x005BDF9C+3811356]
GetHandleVerifier [0x005B6721+3780513]
GetHandleVerifier [0x005B74B2+3783986]
GetHandleVerifier [0x005B6A47+3781319]
GetHandleVerifier [0x005B6E36+3782326]
GetHandleVerifier [0x005B6765+3780581]
GetHandleVerifier [0x005BC392+3804178]
GetHandleVerifier [0x005B6721+3780513]
GetHandleVerifier [0x005B74B2+3783986]
GetHandleVerifier [0x005B6A47+3781319]
GetHandleVerifier [0x005B6E36+3782326]
GetHandleVerifier [0x005B6765+3780581]
GetHandleVerifier [0x005BB655+3800789]
GetHandleVerifier [0x005B6721+3780513]
GetHandleVerifier [0x005B74B2+3783986]
GetHandleVerifier [0x005B6A47+3781319]
GetHandleVerifier [0x005B6E36+3782326]
GetHandleVerifier [0x005B6765+3780581]
GetHandleVerifier [0x005B2F46+3766214]
GetHandleVerifier [0x005B6721+3780513]
GetHandleVerifier [0x005B6543+3780035]
GetHandleVerifier [0x005B6337+3779511]
GetHandleVerifier [0x005C4540+3837376]
GetHandleVerifier [0x005FF4BC+4078908]
GetHandleVerifier [0x005FE56C+4074988]
GetHandleVerifier [0x005FB2EB+4062059]
GetHandleVerifier [0x005DED14+3945876]
GetHandleVerifier [0x005DFBCE+3949646]
GetHandleVerifier [0x005DFB59+3949529]
Ordinal0 [0x001DB5CC+46540]
Ordinal0 [0x001D9F53+40787]
Ordinal0 [0x001D9B12+39698]
GetHandleVerifier [0x004E1468+2907368]
GetHandleVerifier [0x003271EE+1096302]
GetHandleVerifier [0x002E3E8D+821005]
GetHandleVerifier [0x002E396B+819691]
GetHandleVerifier [0x002E3881+819457]
GetHandleVerifier [0x0030F463+998627]
BaseThreadInitThunk [0x754BFA29+25]
RtlGetAppContainerNamedObjectPath [0x77587C7E+286]
RtlGetAppContainerNamedObjectPath [0x77587C4E+238]

at sun.reflect.NativeConstructorAccessorImpl.newInstance0(Native Method)
at sun.reflect.NativeConstructorAccessorImpl.newInstance(NativeConstructorAccessorImpl.java:62)
at sun.reflect.DelegatingConstructorAccessorImpl.newInstance(DelegatingConstructorAccessorImpl.java:45)
at java.lang.reflect.Constructor.newInstance(Constructor.java:423)
at org.openqa.selenium.remote.W3CHandshakeResponse.lambda$errorHandler$0(W3CHandshakeResponse.java:62)
at org.openqa.selenium.remote.HandshakeResponse.lambda$getResponseFunction$0(HandshakeResponse.java:30)
at org.openqa.selenium.remote.ProtocolHandshake.lambda$createSession$0(ProtocolHandshake.java:126)
at java.util.stream.ReferencePipeline$3$1.accept(ReferencePipeline.java:193)
at java.util.Spliterators$ArraySpliterator.tryAdvance(Spliterators.java:958)
at java.util.stream.ReferencePipeline.forEachWithCancel(ReferencePipeline.java:126)
at java.util.stream.AbstractPipeline.copyIntoWithCancel(AbstractPipeline.java:499)
at java.util.stream.AbstractPipeline.copyInto(AbstractPipeline.java:486)
at java.util.stream.AbstractPipeline.wrapAndCopyInto(AbstractPipeline.java:472)
at java.util.stream.FindOps$FindOp.evaluateSequential(FindOps.java:152)
at java.util.stream.AbstractPipeline.evaluate(AbstractPipeline.java:234)
at java.util.stream.ReferencePipeline.findFirst(ReferencePipeline.java:464)
at org.openqa.selenium.remote.ProtocolHandshake.createSession(ProtocolHandshake.java:128)
at org.openqa.selenium.remote.ProtocolHandshake.createSession(ProtocolHandshake.java:74)
at org.openqa.selenium.remote.HttpCommandExecutor.execute(HttpCommandExecutor.java:136)
at org.openqa.selenium.remote.service.DriverCommandExecutor.execute(DriverCommandExecutor.java:83)
at org.openqa.selenium.remote.RemoteWebDriver.execute(RemoteWebDriver.java:552)
at org.openqa.selenium.remote.RemoteWebDriver.startSession(RemoteWebDriver.java:213)
at org.openqa.selenium.remote.RemoteWebDriver.<init>(RemoteWebDriver.java:131)
at org.openqa.selenium.chrome.ChromeDriver.<init>(ChromeDriver.java:181)
at org.openqa.selenium.chrome.ChromeDriver.<init>(ChromeDriver.java:168)
at org.openqa.selenium.chrome.ChromeDriver.<init>(ChromeDriver.java:123)
at com.epam.drivers.MyChromeWebDriver.openChrome(MyChromeWebDriver.java:17)
at com.epam.base.TestBase.initialization(TestBase.java:34)
at com.epam.testCases.AddRemoveElementPageTest.setUp(AddRemoveElementPageTest.java:19)
at sun.reflect.NativeMethodAccessorImpl.invoke0(Native Method)
at sun.reflect.NativeMethodAccessorImpl.invoke(NativeMethodAccessorImpl.java:62)
at sun.reflect.DelegatingMethodAccessorImpl.invoke(DelegatingMethodAccessorImpl.java:43)
at java.lang.reflect.Method.invoke(Method.java:498)
at org.testng.internal.MethodInvocationHelper.invokeMethod(MethodInvocationHelper.java:132)
at org.testng.internal.MethodInvocationHelper.invokeMethodConsideringTimeout(MethodInvocationHelper.java:61)
at org.testng.internal.ConfigInvoker.invokeConfigurationMethod(ConfigInvoker.java:366)
at org.testng.internal.ConfigInvoker.invokeConfigurations(ConfigInvoker.java:320)
at org.testng.internal.TestMethodWorker.invokeBeforeClassMethods(TestMethodWorker.java:176)
at org.testng.internal.TestMethodWorker.run(TestMethodWorker.java:122)
at java.util.ArrayList.forEach(ArrayList.java:1259)
at org.testng.TestRunner.privateRun(TestRunner.java:764)
at org.testng.TestRunner.run(TestRunner.java:585)
at org.testng.SuiteRunner.runTest(SuiteRunner.java:384)
at org.testng.SuiteRunner.runSequentially(SuiteRunner.java:378)
at org.testng.SuiteRunner.privateRun(SuiteRunner.java:337)
at org.testng.SuiteRunner.run(SuiteRunner.java:286)
at org.testng.SuiteRunnerWorker.runSuite(SuiteRunnerWorker.java:53)
at org.testng.SuiteRunnerWorker.run(SuiteRunnerWorker.java:96)
at org.testng.TestNG.runSuitesSequentially(TestNG.java:1218)
at org.testng.TestNG.runSuitesLocally(TestNG.java:1140)
at org.testng.TestNG.runSuites(TestNG.java:1069)
at org.testng.TestNG.run(TestNG.java:1037)
at org.apache.maven.surefire.testng.TestNGExecutor.run(TestNGExecutor.java:77)
at org.apache.maven.surefire.testng.TestNGDirectoryTestSuite.executeMulti(TestNGDirectoryTestSuite.java:159)
at org.apache.maven.surefire.testng.TestNGDirectoryTestSuite.execute(TestNGDirectoryTestSuite.java:99)
at org.apache.maven.surefire.testng.TestNGProvider.invoke(TestNGProvider.java:106)
at sun.reflect.NativeMethodAccessorImpl.invoke0(Native Method)
at sun.reflect.NativeMethodAccessorImpl.invoke(NativeMethodAccessorImpl.java:62)
at sun.reflect.DelegatingMethodAccessorImpl.invoke(DelegatingMethodAccessorImpl.java:43)
at java.lang.reflect.Method.invoke(Method.java:498)
at org.apache.maven.surefire.util.ReflectionUtils.invokeMethodWithArray(ReflectionUtils.java:189)
at org.apache.maven.surefire.booter.ProviderFactory$ProviderProxy.invoke(ProviderFactory.java:165)
at org.apache.maven.surefire.booter.ProviderFactory.invokeProvider(ProviderFactory.java:85)
at org.apache.maven.surefire.booter.ForkedBooter.runSuitesInProcess(ForkedBooter.java:115)
at org.apache.maven.surefire.booter.ForkedBooter.main(ForkedBooter.java:75)
]]>
            </full-stacktrace>
          </exception> <!-- org.openqa.selenium.SessionNotCreatedException -->
          <reporter-output>
          </reporter-output>
        </test-method> <!-- setUp -->
        <test-method status="SKIP" signature="displayAddElementTest()[pri:1, instance:com.epam.testCases.AddRemoveElementPageTest@42dafa95]" name="displayAddElementTest" duration-ms="0" started-at="2021-04-19T16:03:18 IST" finished-at="2021-04-19T16:03:18 IST">
          <exception class="org.openqa.selenium.SessionNotCreatedException">
            <message>
              <![CDATA[session not created
from timeout: Timed out receiving message from renderer: 600.000
  (Session info: chrome=89.0.4389.128)
Build info: version: '3.141.59', revision: 'e82be7d358', time: '2018-11-14T08:17:03'
System info: host: 'EPINHYDW0767', ip: '192.168.0.152', os.name: 'Windows 10', os.arch: 'amd64', os.version: '10.0', java.version: '1.8.0_281'
Driver info: driver.version: MyChromeWebDriver
remote stacktrace: Backtrace:
GetHandleVerifier [0x0021B963+483]
GetHandleVerifier [0x0021B941+449]
GetHandleVerifier [0x005C3308+3832712]
GetHandleVerifier [0x005B778C+3784716]
GetHandleVerifier [0x005B6A47+3781319]
GetHandleVerifier [0x005B6E36+3782326]
GetHandleVerifier [0x005B6765+3780581]
GetHandleVerifier [0x005BFB21+3818401]
GetHandleVerifier [0x005B6721+3780513]
GetHandleVerifier [0x005B74B2+3783986]
GetHandleVerifier [0x005B6A47+3781319]
GetHandleVerifier [0x005B6E36+3782326]
GetHandleVerifier [0x005B6765+3780581]
GetHandleVerifier [0x005BDF9C+3811356]
GetHandleVerifier [0x005B6721+3780513]
GetHandleVerifier [0x005B74B2+3783986]
GetHandleVerifier [0x005B6A47+3781319]
GetHandleVerifier [0x005B6E36+3782326]
GetHandleVerifier [0x005B6765+3780581]
GetHandleVerifier [0x005BC392+3804178]
GetHandleVerifier [0x005B6721+3780513]
GetHandleVerifier [0x005B74B2+3783986]
GetHandleVerifier [0x005B6A47+3781319]
GetHandleVerifier [0x005B6E36+3782326]
GetHandleVerifier [0x005B6765+3780581]
GetHandleVerifier [0x005BB655+3800789]
GetHandleVerifier [0x005B6721+3780513]
GetHandleVerifier [0x005B74B2+3783986]
GetHandleVerifier [0x005B6A47+3781319]
GetHandleVerifier [0x005B6E36+3782326]
GetHandleVerifier [0x005B6765+3780581]
GetHandleVerifier [0x005B2F46+3766214]
GetHandleVerifier [0x005B6721+3780513]
GetHandleVerifier [0x005B6543+3780035]
GetHandleVerifier [0x005B6337+3779511]
GetHandleVerifier [0x005C4540+3837376]
GetHandleVerifier [0x005FF4BC+4078908]
GetHandleVerifier [0x005FE56C+4074988]
GetHandleVerifier [0x005FB2EB+4062059]
GetHandleVerifier [0x005DED14+3945876]
GetHandleVerifier [0x005DFBCE+3949646]
GetHandleVerifier [0x005DFB59+3949529]
Ordinal0 [0x001DB5CC+46540]
Ordinal0 [0x001D9F53+40787]
Ordinal0 [0x001D9B12+39698]
GetHandleVerifier [0x004E1468+2907368]
GetHandleVerifier [0x003271EE+1096302]
GetHandleVerifier [0x002E3E8D+821005]
GetHandleVerifier [0x002E396B+819691]
GetHandleVerifier [0x002E3881+819457]
GetHandleVerifier [0x0030F463+998627]
BaseThreadInitThunk [0x754BFA29+25]
RtlGetAppContainerNamedObjectPath [0x77587C7E+286]
RtlGetAppContainerNamedObjectPath [0x77587C4E+238]
]]>
            </message>
            <full-stacktrace>
              <![CDATA[org.openqa.selenium.SessionNotCreatedException: session not created
from timeout: Timed out receiving message from renderer: 600.000
  (Session info: chrome=89.0.4389.128)
Build info: version: '3.141.59', revision: 'e82be7d358', time: '2018-11-14T08:17:03'
System info: host: 'EPINHYDW0767', ip: '192.168.0.152', os.name: 'Windows 10', os.arch: 'amd64', os.version: '10.0', java.version: '1.8.0_281'
Driver info: driver.version: MyChromeWebDriver
remote stacktrace: Backtrace:
GetHandleVerifier [0x0021B963+483]
GetHandleVerifier [0x0021B941+449]
GetHandleVerifier [0x005C3308+3832712]
GetHandleVerifier [0x005B778C+3784716]
GetHandleVerifier [0x005B6A47+3781319]
GetHandleVerifier [0x005B6E36+3782326]
GetHandleVerifier [0x005B6765+3780581]
GetHandleVerifier [0x005BFB21+3818401]
GetHandleVerifier [0x005B6721+3780513]
GetHandleVerifier [0x005B74B2+3783986]
GetHandleVerifier [0x005B6A47+3781319]
GetHandleVerifier [0x005B6E36+3782326]
GetHandleVerifier [0x005B6765+3780581]
GetHandleVerifier [0x005BDF9C+3811356]
GetHandleVerifier [0x005B6721+3780513]
GetHandleVerifier [0x005B74B2+3783986]
GetHandleVerifier [0x005B6A47+3781319]
GetHandleVerifier [0x005B6E36+3782326]
GetHandleVerifier [0x005B6765+3780581]
GetHandleVerifier [0x005BC392+3804178]
GetHandleVerifier [0x005B6721+3780513]
GetHandleVerifier [0x005B74B2+3783986]
GetHandleVerifier [0x005B6A47+3781319]
GetHandleVerifier [0x005B6E36+3782326]
GetHandleVerifier [0x005B6765+3780581]
GetHandleVerifier [0x005BB655+3800789]
GetHandleVerifier [0x005B6721+3780513]
GetHandleVerifier [0x005B74B2+3783986]
GetHandleVerifier [0x005B6A47+3781319]
GetHandleVerifier [0x005B6E36+3782326]
GetHandleVerifier [0x005B6765+3780581]
GetHandleVerifier [0x005B2F46+3766214]
GetHandleVerifier [0x005B6721+3780513]
GetHandleVerifier [0x005B6543+3780035]
GetHandleVerifier [0x005B6337+3779511]
GetHandleVerifier [0x005C4540+3837376]
GetHandleVerifier [0x005FF4BC+4078908]
GetHandleVerifier [0x005FE56C+4074988]
GetHandleVerifier [0x005FB2EB+4062059]
GetHandleVerifier [0x005DED14+3945876]
GetHandleVerifier [0x005DFBCE+3949646]
GetHandleVerifier [0x005DFB59+3949529]
Ordinal0 [0x001DB5CC+46540]
Ordinal0 [0x001D9F53+40787]
Ordinal0 [0x001D9B12+39698]
GetHandleVerifier [0x004E1468+2907368]
GetHandleVerifier [0x003271EE+1096302]
GetHandleVerifier [0x002E3E8D+821005]
GetHandleVerifier [0x002E396B+819691]
GetHandleVerifier [0x002E3881+819457]
GetHandleVerifier [0x0030F463+998627]
BaseThreadInitThunk [0x754BFA29+25]
RtlGetAppContainerNamedObjectPath [0x77587C7E+286]
RtlGetAppContainerNamedObjectPath [0x77587C4E+238]

at sun.reflect.NativeConstructorAccessorImpl.newInstance0(Native Method)
at sun.reflect.NativeConstructorAccessorImpl.newInstance(NativeConstructorAccessorImpl.java:62)
at sun.reflect.DelegatingConstructorAccessorImpl.newInstance(DelegatingConstructorAccessorImpl.java:45)
at java.lang.reflect.Constructor.newInstance(Constructor.java:423)
at org.openqa.selenium.remote.W3CHandshakeResponse.lambda$errorHandler$0(W3CHandshakeResponse.java:62)
at org.openqa.selenium.remote.HandshakeResponse.lambda$getResponseFunction$0(HandshakeResponse.java:30)
at org.openqa.selenium.remote.ProtocolHandshake.lambda$createSession$0(ProtocolHandshake.java:126)
at java.util.stream.ReferencePipeline$3$1.accept(ReferencePipeline.java:193)
at java.util.Spliterators$ArraySpliterator.tryAdvance(Spliterators.java:958)
at java.util.stream.ReferencePipeline.forEachWithCancel(ReferencePipeline.java:126)
at java.util.stream.AbstractPipeline.copyIntoWithCancel(AbstractPipeline.java:499)
at java.util.stream.AbstractPipeline.copyInto(AbstractPipeline.java:486)
at java.util.stream.AbstractPipeline.wrapAndCopyInto(AbstractPipeline.java:472)
at java.util.stream.FindOps$FindOp.evaluateSequential(FindOps.java:152)
at java.util.stream.AbstractPipeline.evaluate(AbstractPipeline.java:234)
at java.util.stream.ReferencePipeline.findFirst(ReferencePipeline.java:464)
at org.openqa.selenium.remote.ProtocolHandshake.createSession(ProtocolHandshake.java:128)
at org.openqa.selenium.remote.ProtocolHandshake.createSession(ProtocolHandshake.java:74)
at org.openqa.selenium.remote.HttpCommandExecutor.execute(HttpCommandExecutor.java:136)
at org.openqa.selenium.remote.service.DriverCommandExecutor.execute(DriverCommandExecutor.java:83)
at org.openqa.selenium.remote.RemoteWebDriver.execute(RemoteWebDriver.java:552)
at org.openqa.selenium.remote.RemoteWebDriver.startSession(RemoteWebDriver.java:213)
at org.openqa.selenium.remote.RemoteWebDriver.<init>(RemoteWebDriver.java:131)
at org.openqa.selenium.chrome.ChromeDriver.<init>(ChromeDriver.java:181)
at org.openqa.selenium.chrome.ChromeDriver.<init>(ChromeDriver.java:168)
at org.openqa.selenium.chrome.ChromeDriver.<init>(ChromeDriver.java:123)
at com.epam.drivers.MyChromeWebDriver.openChrome(MyChromeWebDriver.java:17)
at com.epam.base.TestBase.initialization(TestBase.java:34)
at com.epam.testCases.AddRemoveElementPageTest.setUp(AddRemoveElementPageTest.java:19)
at sun.reflect.NativeMethodAccessorImpl.invoke0(Native Method)
at sun.reflect.NativeMethodAccessorImpl.invoke(NativeMethodAccessorImpl.java:62)
at sun.reflect.DelegatingMethodAccessorImpl.invoke(DelegatingMethodAccessorImpl.java:43)
at java.lang.reflect.Method.invoke(Method.java:498)
at org.testng.internal.MethodInvocationHelper.invokeMethod(MethodInvocationHelper.java:132)
at org.testng.internal.MethodInvocationHelper.invokeMethodConsideringTimeout(MethodInvocationHelper.java:61)
at org.testng.internal.ConfigInvoker.invokeConfigurationMethod(ConfigInvoker.java:366)
at org.testng.internal.ConfigInvoker.invokeConfigurations(ConfigInvoker.java:320)
at org.testng.internal.TestMethodWorker.invokeBeforeClassMethods(TestMethodWorker.java:176)
at org.testng.internal.TestMethodWorker.run(TestMethodWorker.java:122)
at java.util.ArrayList.forEach(ArrayList.java:1259)
at org.testng.TestRunner.privateRun(TestRunner.java:764)
at org.testng.TestRunner.run(TestRunner.java:585)
at org.testng.SuiteRunner.runTest(SuiteRunner.java:384)
at org.testng.SuiteRunner.runSequentially(SuiteRunner.java:378)
at org.testng.SuiteRunner.privateRun(SuiteRunner.java:337)
at org.testng.SuiteRunner.run(SuiteRunner.java:286)
at org.testng.SuiteRunnerWorker.runSuite(SuiteRunnerWorker.java:53)
at org.testng.SuiteRunnerWorker.run(SuiteRunnerWorker.java:96)
at org.testng.TestNG.runSuitesSequentially(TestNG.java:1218)
at org.testng.TestNG.runSuitesLocally(TestNG.java:1140)
at org.testng.TestNG.runSuites(TestNG.java:1069)
at org.testng.TestNG.run(TestNG.java:1037)
at org.apache.maven.surefire.testng.TestNGExecutor.run(TestNGExecutor.java:77)
at org.apache.maven.surefire.testng.TestNGDirectoryTestSuite.executeMulti(TestNGDirectoryTestSuite.java:159)
at org.apache.maven.surefire.testng.TestNGDirectoryTestSuite.execute(TestNGDirectoryTestSuite.java:99)
at org.apache.maven.surefire.testng.TestNGProvider.invoke(TestNGProvider.java:106)
at sun.reflect.NativeMethodAccessorImpl.invoke0(Native Method)
at sun.reflect.NativeMethodAccessorImpl.invoke(NativeMethodAccessorImpl.java:62)
at sun.reflect.DelegatingMethodAccessorImpl.invoke(DelegatingMethodAccessorImpl.java:43)
at java.lang.reflect.Method.invoke(Method.java:498)
at org.apache.maven.surefire.util.ReflectionUtils.invokeMethodWithArray(ReflectionUtils.java:189)
at org.apache.maven.surefire.booter.ProviderFactory$ProviderProxy.invoke(ProviderFactory.java:165)
at org.apache.maven.surefire.booter.ProviderFactory.invokeProvider(ProviderFactory.java:85)
at org.apache.maven.surefire.booter.ForkedBooter.runSuitesInProcess(ForkedBooter.java:115)
at org.apache.maven.surefire.booter.ForkedBooter.main(ForkedBooter.java:75)
]]>
            </full-stacktrace>
          </exception> <!-- org.openqa.selenium.SessionNotCreatedException -->
          <reporter-output>
          </reporter-output>
        </test-method> <!-- displayAddElementTest -->
        <test-method status="SKIP" signature="clickAddElementTest()[pri:2, instance:com.epam.testCases.AddRemoveElementPageTest@42dafa95]" name="clickAddElementTest" duration-ms="0" started-at="2021-04-19T16:03:18 IST" finished-at="2021-04-19T16:03:18 IST">
          <exception class="org.openqa.selenium.SessionNotCreatedException">
            <message>
              <![CDATA[session not created
from timeout: Timed out receiving message from renderer: 600.000
  (Session info: chrome=89.0.4389.128)
Build info: version: '3.141.59', revision: 'e82be7d358', time: '2018-11-14T08:17:03'
System info: host: 'EPINHYDW0767', ip: '192.168.0.152', os.name: 'Windows 10', os.arch: 'amd64', os.version: '10.0', java.version: '1.8.0_281'
Driver info: driver.version: MyChromeWebDriver
remote stacktrace: Backtrace:
GetHandleVerifier [0x0021B963+483]
GetHandleVerifier [0x0021B941+449]
GetHandleVerifier [0x005C3308+3832712]
GetHandleVerifier [0x005B778C+3784716]
GetHandleVerifier [0x005B6A47+3781319]
GetHandleVerifier [0x005B6E36+3782326]
GetHandleVerifier [0x005B6765+3780581]
GetHandleVerifier [0x005BFB21+3818401]
GetHandleVerifier [0x005B6721+3780513]
GetHandleVerifier [0x005B74B2+3783986]
GetHandleVerifier [0x005B6A47+3781319]
GetHandleVerifier [0x005B6E36+3782326]
GetHandleVerifier [0x005B6765+3780581]
GetHandleVerifier [0x005BDF9C+3811356]
GetHandleVerifier [0x005B6721+3780513]
GetHandleVerifier [0x005B74B2+3783986]
GetHandleVerifier [0x005B6A47+3781319]
GetHandleVerifier [0x005B6E36+3782326]
GetHandleVerifier [0x005B6765+3780581]
GetHandleVerifier [0x005BC392+3804178]
GetHandleVerifier [0x005B6721+3780513]
GetHandleVerifier [0x005B74B2+3783986]
GetHandleVerifier [0x005B6A47+3781319]
GetHandleVerifier [0x005B6E36+3782326]
GetHandleVerifier [0x005B6765+3780581]
GetHandleVerifier [0x005BB655+3800789]
GetHandleVerifier [0x005B6721+3780513]
GetHandleVerifier [0x005B74B2+3783986]
GetHandleVerifier [0x005B6A47+3781319]
GetHandleVerifier [0x005B6E36+3782326]
GetHandleVerifier [0x005B6765+3780581]
GetHandleVerifier [0x005B2F46+3766214]
GetHandleVerifier [0x005B6721+3780513]
GetHandleVerifier [0x005B6543+3780035]
GetHandleVerifier [0x005B6337+3779511]
GetHandleVerifier [0x005C4540+3837376]
GetHandleVerifier [0x005FF4BC+4078908]
GetHandleVerifier [0x005FE56C+4074988]
GetHandleVerifier [0x005FB2EB+4062059]
GetHandleVerifier [0x005DED14+3945876]
GetHandleVerifier [0x005DFBCE+3949646]
GetHandleVerifier [0x005DFB59+3949529]
Ordinal0 [0x001DB5CC+46540]
Ordinal0 [0x001D9F53+40787]
Ordinal0 [0x001D9B12+39698]
GetHandleVerifier [0x004E1468+2907368]
GetHandleVerifier [0x003271EE+1096302]
GetHandleVerifier [0x002E3E8D+821005]
GetHandleVerifier [0x002E396B+819691]
GetHandleVerifier [0x002E3881+819457]
GetHandleVerifier [0x0030F463+998627]
BaseThreadInitThunk [0x754BFA29+25]
RtlGetAppContainerNamedObjectPath [0x77587C7E+286]
RtlGetAppContainerNamedObjectPath [0x77587C4E+238]
]]>
            </message>
            <full-stacktrace>
              <![CDATA[org.openqa.selenium.SessionNotCreatedException: session not created
from timeout: Timed out receiving message from renderer: 600.000
  (Session info: chrome=89.0.4389.128)
Build info: version: '3.141.59', revision: 'e82be7d358', time: '2018-11-14T08:17:03'
System info: host: 'EPINHYDW0767', ip: '192.168.0.152', os.name: 'Windows 10', os.arch: 'amd64', os.version: '10.0', java.version: '1.8.0_281'
Driver info: driver.version: MyChromeWebDriver
remote stacktrace: Backtrace:
GetHandleVerifier [0x0021B963+483]
GetHandleVerifier [0x0021B941+449]
GetHandleVerifier [0x005C3308+3832712]
GetHandleVerifier [0x005B778C+3784716]
GetHandleVerifier [0x005B6A47+3781319]
GetHandleVerifier [0x005B6E36+3782326]
GetHandleVerifier [0x005B6765+3780581]
GetHandleVerifier [0x005BFB21+3818401]
GetHandleVerifier [0x005B6721+3780513]
GetHandleVerifier [0x005B74B2+3783986]
GetHandleVerifier [0x005B6A47+3781319]
GetHandleVerifier [0x005B6E36+3782326]
GetHandleVerifier [0x005B6765+3780581]
GetHandleVerifier [0x005BDF9C+3811356]
GetHandleVerifier [0x005B6721+3780513]
GetHandleVerifier [0x005B74B2+3783986]
GetHandleVerifier [0x005B6A47+3781319]
GetHandleVerifier [0x005B6E36+3782326]
GetHandleVerifier [0x005B6765+3780581]
GetHandleVerifier [0x005BC392+3804178]
GetHandleVerifier [0x005B6721+3780513]
GetHandleVerifier [0x005B74B2+3783986]
GetHandleVerifier [0x005B6A47+3781319]
GetHandleVerifier [0x005B6E36+3782326]
GetHandleVerifier [0x005B6765+3780581]
GetHandleVerifier [0x005BB655+3800789]
GetHandleVerifier [0x005B6721+3780513]
GetHandleVerifier [0x005B74B2+3783986]
GetHandleVerifier [0x005B6A47+3781319]
GetHandleVerifier [0x005B6E36+3782326]
GetHandleVerifier [0x005B6765+3780581]
GetHandleVerifier [0x005B2F46+3766214]
GetHandleVerifier [0x005B6721+3780513]
GetHandleVerifier [0x005B6543+3780035]
GetHandleVerifier [0x005B6337+3779511]
GetHandleVerifier [0x005C4540+3837376]
GetHandleVerifier [0x005FF4BC+4078908]
GetHandleVerifier [0x005FE56C+4074988]
GetHandleVerifier [0x005FB2EB+4062059]
GetHandleVerifier [0x005DED14+3945876]
GetHandleVerifier [0x005DFBCE+3949646]
GetHandleVerifier [0x005DFB59+3949529]
Ordinal0 [0x001DB5CC+46540]
Ordinal0 [0x001D9F53+40787]
Ordinal0 [0x001D9B12+39698]
GetHandleVerifier [0x004E1468+2907368]
GetHandleVerifier [0x003271EE+1096302]
GetHandleVerifier [0x002E3E8D+821005]
GetHandleVerifier [0x002E396B+819691]
GetHandleVerifier [0x002E3881+819457]
GetHandleVerifier [0x0030F463+998627]
BaseThreadInitThunk [0x754BFA29+25]
RtlGetAppContainerNamedObjectPath [0x77587C7E+286]
RtlGetAppContainerNamedObjectPath [0x77587C4E+238]

at sun.reflect.NativeConstructorAccessorImpl.newInstance0(Native Method)
at sun.reflect.NativeConstructorAccessorImpl.newInstance(NativeConstructorAccessorImpl.java:62)
at sun.reflect.DelegatingConstructorAccessorImpl.newInstance(DelegatingConstructorAccessorImpl.java:45)
at java.lang.reflect.Constructor.newInstance(Constructor.java:423)
at org.openqa.selenium.remote.W3CHandshakeResponse.lambda$errorHandler$0(W3CHandshakeResponse.java:62)
at org.openqa.selenium.remote.HandshakeResponse.lambda$getResponseFunction$0(HandshakeResponse.java:30)
at org.openqa.selenium.remote.ProtocolHandshake.lambda$createSession$0(ProtocolHandshake.java:126)
at java.util.stream.ReferencePipeline$3$1.accept(ReferencePipeline.java:193)
at java.util.Spliterators$ArraySpliterator.tryAdvance(Spliterators.java:958)
at java.util.stream.ReferencePipeline.forEachWithCancel(ReferencePipeline.java:126)
at java.util.stream.AbstractPipeline.copyIntoWithCancel(AbstractPipeline.java:499)
at java.util.stream.AbstractPipeline.copyInto(AbstractPipeline.java:486)
at java.util.stream.AbstractPipeline.wrapAndCopyInto(AbstractPipeline.java:472)
at java.util.stream.FindOps$FindOp.evaluateSequential(FindOps.java:152)
at java.util.stream.AbstractPipeline.evaluate(AbstractPipeline.java:234)
at java.util.stream.ReferencePipeline.findFirst(ReferencePipeline.java:464)
at org.openqa.selenium.remote.ProtocolHandshake.createSession(ProtocolHandshake.java:128)
at org.openqa.selenium.remote.ProtocolHandshake.createSession(ProtocolHandshake.java:74)
at org.openqa.selenium.remote.HttpCommandExecutor.execute(HttpCommandExecutor.java:136)
at org.openqa.selenium.remote.service.DriverCommandExecutor.execute(DriverCommandExecutor.java:83)
at org.openqa.selenium.remote.RemoteWebDriver.execute(RemoteWebDriver.java:552)
at org.openqa.selenium.remote.RemoteWebDriver.startSession(RemoteWebDriver.java:213)
at org.openqa.selenium.remote.RemoteWebDriver.<init>(RemoteWebDriver.java:131)
at org.openqa.selenium.chrome.ChromeDriver.<init>(ChromeDriver.java:181)
at org.openqa.selenium.chrome.ChromeDriver.<init>(ChromeDriver.java:168)
at org.openqa.selenium.chrome.ChromeDriver.<init>(ChromeDriver.java:123)
at com.epam.drivers.MyChromeWebDriver.openChrome(MyChromeWebDriver.java:17)
at com.epam.base.TestBase.initialization(TestBase.java:34)
at com.epam.testCases.AddRemoveElementPageTest.setUp(AddRemoveElementPageTest.java:19)
at sun.reflect.NativeMethodAccessorImpl.invoke0(Native Method)
at sun.reflect.NativeMethodAccessorImpl.invoke(NativeMethodAccessorImpl.java:62)
at sun.reflect.DelegatingMethodAccessorImpl.invoke(DelegatingMethodAccessorImpl.java:43)
at java.lang.reflect.Method.invoke(Method.java:498)
at org.testng.internal.MethodInvocationHelper.invokeMethod(MethodInvocationHelper.java:132)
at org.testng.internal.MethodInvocationHelper.invokeMethodConsideringTimeout(MethodInvocationHelper.java:61)
at org.testng.internal.ConfigInvoker.invokeConfigurationMethod(ConfigInvoker.java:366)
at org.testng.internal.ConfigInvoker.invokeConfigurations(ConfigInvoker.java:320)
at org.testng.internal.TestMethodWorker.invokeBeforeClassMethods(TestMethodWorker.java:176)
at org.testng.internal.TestMethodWorker.run(TestMethodWorker.java:122)
at java.util.ArrayList.forEach(ArrayList.java:1259)
at org.testng.TestRunner.privateRun(TestRunner.java:764)
at org.testng.TestRunner.run(TestRunner.java:585)
at org.testng.SuiteRunner.runTest(SuiteRunner.java:384)
at org.testng.SuiteRunner.runSequentially(SuiteRunner.java:378)
at org.testng.SuiteRunner.privateRun(SuiteRunner.java:337)
at org.testng.SuiteRunner.run(SuiteRunner.java:286)
at org.testng.SuiteRunnerWorker.runSuite(SuiteRunnerWorker.java:53)
at org.testng.SuiteRunnerWorker.run(SuiteRunnerWorker.java:96)
at org.testng.TestNG.runSuitesSequentially(TestNG.java:1218)
at org.testng.TestNG.runSuitesLocally(TestNG.java:1140)
at org.testng.TestNG.runSuites(TestNG.java:1069)
at org.testng.TestNG.run(TestNG.java:1037)
at org.apache.maven.surefire.testng.TestNGExecutor.run(TestNGExecutor.java:77)
at org.apache.maven.surefire.testng.TestNGDirectoryTestSuite.executeMulti(TestNGDirectoryTestSuite.java:159)
at org.apache.maven.surefire.testng.TestNGDirectoryTestSuite.execute(TestNGDirectoryTestSuite.java:99)
at org.apache.maven.surefire.testng.TestNGProvider.invoke(TestNGProvider.java:106)
at sun.reflect.NativeMethodAccessorImpl.invoke0(Native Method)
at sun.reflect.NativeMethodAccessorImpl.invoke(NativeMethodAccessorImpl.java:62)
at sun.reflect.DelegatingMethodAccessorImpl.invoke(DelegatingMethodAccessorImpl.java:43)
at java.lang.reflect.Method.invoke(Method.java:498)
at org.apache.maven.surefire.util.ReflectionUtils.invokeMethodWithArray(ReflectionUtils.java:189)
at org.apache.maven.surefire.booter.ProviderFactory$ProviderProxy.invoke(ProviderFactory.java:165)
at org.apache.maven.surefire.booter.ProviderFactory.invokeProvider(ProviderFactory.java:85)
at org.apache.maven.surefire.booter.ForkedBooter.runSuitesInProcess(ForkedBooter.java:115)
at org.apache.maven.surefire.booter.ForkedBooter.main(ForkedBooter.java:75)
]]>
            </full-stacktrace>
          </exception> <!-- org.openqa.selenium.SessionNotCreatedException -->
          <reporter-output>
          </reporter-output>
        </test-method> <!-- clickAddElementTest -->
        <test-method status="SKIP" signature="displayDeleteElement()[pri:3, instance:com.epam.testCases.AddRemoveElementPageTest@42dafa95]" name="displayDeleteElement" duration-ms="0" started-at="2021-04-19T16:03:18 IST" finished-at="2021-04-19T16:03:18 IST">
          <exception class="org.openqa.selenium.SessionNotCreatedException">
            <message>
              <![CDATA[session not created
from timeout: Timed out receiving message from renderer: 600.000
  (Session info: chrome=89.0.4389.128)
Build info: version: '3.141.59', revision: 'e82be7d358', time: '2018-11-14T08:17:03'
System info: host: 'EPINHYDW0767', ip: '192.168.0.152', os.name: 'Windows 10', os.arch: 'amd64', os.version: '10.0', java.version: '1.8.0_281'
Driver info: driver.version: MyChromeWebDriver
remote stacktrace: Backtrace:
GetHandleVerifier [0x0021B963+483]
GetHandleVerifier [0x0021B941+449]
GetHandleVerifier [0x005C3308+3832712]
GetHandleVerifier [0x005B778C+3784716]
GetHandleVerifier [0x005B6A47+3781319]
GetHandleVerifier [0x005B6E36+3782326]
GetHandleVerifier [0x005B6765+3780581]
GetHandleVerifier [0x005BFB21+3818401]
GetHandleVerifier [0x005B6721+3780513]
GetHandleVerifier [0x005B74B2+3783986]
GetHandleVerifier [0x005B6A47+3781319]
GetHandleVerifier [0x005B6E36+3782326]
GetHandleVerifier [0x005B6765+3780581]
GetHandleVerifier [0x005BDF9C+3811356]
GetHandleVerifier [0x005B6721+3780513]
GetHandleVerifier [0x005B74B2+3783986]
GetHandleVerifier [0x005B6A47+3781319]
GetHandleVerifier [0x005B6E36+3782326]
GetHandleVerifier [0x005B6765+3780581]
GetHandleVerifier [0x005BC392+3804178]
GetHandleVerifier [0x005B6721+3780513]
GetHandleVerifier [0x005B74B2+3783986]
GetHandleVerifier [0x005B6A47+3781319]
GetHandleVerifier [0x005B6E36+3782326]
GetHandleVerifier [0x005B6765+3780581]
GetHandleVerifier [0x005BB655+3800789]
GetHandleVerifier [0x005B6721+3780513]
GetHandleVerifier [0x005B74B2+3783986]
GetHandleVerifier [0x005B6A47+3781319]
GetHandleVerifier [0x005B6E36+3782326]
GetHandleVerifier [0x005B6765+3780581]
GetHandleVerifier [0x005B2F46+3766214]
GetHandleVerifier [0x005B6721+3780513]
GetHandleVerifier [0x005B6543+3780035]
GetHandleVerifier [0x005B6337+3779511]
GetHandleVerifier [0x005C4540+3837376]
GetHandleVerifier [0x005FF4BC+4078908]
GetHandleVerifier [0x005FE56C+4074988]
GetHandleVerifier [0x005FB2EB+4062059]
GetHandleVerifier [0x005DED14+3945876]
GetHandleVerifier [0x005DFBCE+3949646]
GetHandleVerifier [0x005DFB59+3949529]
Ordinal0 [0x001DB5CC+46540]
Ordinal0 [0x001D9F53+40787]
Ordinal0 [0x001D9B12+39698]
GetHandleVerifier [0x004E1468+2907368]
GetHandleVerifier [0x003271EE+1096302]
GetHandleVerifier [0x002E3E8D+821005]
GetHandleVerifier [0x002E396B+819691]
GetHandleVerifier [0x002E3881+819457]
GetHandleVerifier [0x0030F463+998627]
BaseThreadInitThunk [0x754BFA29+25]
RtlGetAppContainerNamedObjectPath [0x77587C7E+286]
RtlGetAppContainerNamedObjectPath [0x77587C4E+238]
]]>
            </message>
            <full-stacktrace>
              <![CDATA[org.openqa.selenium.SessionNotCreatedException: session not created
from timeout: Timed out receiving message from renderer: 600.000
  (Session info: chrome=89.0.4389.128)
Build info: version: '3.141.59', revision: 'e82be7d358', time: '2018-11-14T08:17:03'
System info: host: 'EPINHYDW0767', ip: '192.168.0.152', os.name: 'Windows 10', os.arch: 'amd64', os.version: '10.0', java.version: '1.8.0_281'
Driver info: driver.version: MyChromeWebDriver
remote stacktrace: Backtrace:
GetHandleVerifier [0x0021B963+483]
GetHandleVerifier [0x0021B941+449]
GetHandleVerifier [0x005C3308+3832712]
GetHandleVerifier [0x005B778C+3784716]
GetHandleVerifier [0x005B6A47+3781319]
GetHandleVerifier [0x005B6E36+3782326]
GetHandleVerifier [0x005B6765+3780581]
GetHandleVerifier [0x005BFB21+3818401]
GetHandleVerifier [0x005B6721+3780513]
GetHandleVerifier [0x005B74B2+3783986]
GetHandleVerifier [0x005B6A47+3781319]
GetHandleVerifier [0x005B6E36+3782326]
GetHandleVerifier [0x005B6765+3780581]
GetHandleVerifier [0x005BDF9C+3811356]
GetHandleVerifier [0x005B6721+3780513]
GetHandleVerifier [0x005B74B2+3783986]
GetHandleVerifier [0x005B6A47+3781319]
GetHandleVerifier [0x005B6E36+3782326]
GetHandleVerifier [0x005B6765+3780581]
GetHandleVerifier [0x005BC392+3804178]
GetHandleVerifier [0x005B6721+3780513]
GetHandleVerifier [0x005B74B2+3783986]
GetHandleVerifier [0x005B6A47+3781319]
GetHandleVerifier [0x005B6E36+3782326]
GetHandleVerifier [0x005B6765+3780581]
GetHandleVerifier [0x005BB655+3800789]
GetHandleVerifier [0x005B6721+3780513]
GetHandleVerifier [0x005B74B2+3783986]
GetHandleVerifier [0x005B6A47+3781319]
GetHandleVerifier [0x005B6E36+3782326]
GetHandleVerifier [0x005B6765+3780581]
GetHandleVerifier [0x005B2F46+3766214]
GetHandleVerifier [0x005B6721+3780513]
GetHandleVerifier [0x005B6543+3780035]
GetHandleVerifier [0x005B6337+3779511]
GetHandleVerifier [0x005C4540+3837376]
GetHandleVerifier [0x005FF4BC+4078908]
GetHandleVerifier [0x005FE56C+4074988]
GetHandleVerifier [0x005FB2EB+4062059]
GetHandleVerifier [0x005DED14+3945876]
GetHandleVerifier [0x005DFBCE+3949646]
GetHandleVerifier [0x005DFB59+3949529]
Ordinal0 [0x001DB5CC+46540]
Ordinal0 [0x001D9F53+40787]
Ordinal0 [0x001D9B12+39698]
GetHandleVerifier [0x004E1468+2907368]
GetHandleVerifier [0x003271EE+1096302]
GetHandleVerifier [0x002E3E8D+821005]
GetHandleVerifier [0x002E396B+819691]
GetHandleVerifier [0x002E3881+819457]
GetHandleVerifier [0x0030F463+998627]
BaseThreadInitThunk [0x754BFA29+25]
RtlGetAppContainerNamedObjectPath [0x77587C7E+286]
RtlGetAppContainerNamedObjectPath [0x77587C4E+238]

at sun.reflect.NativeConstructorAccessorImpl.newInstance0(Native Method)
at sun.reflect.NativeConstructorAccessorImpl.newInstance(NativeConstructorAccessorImpl.java:62)
at sun.reflect.DelegatingConstructorAccessorImpl.newInstance(DelegatingConstructorAccessorImpl.java:45)
at java.lang.reflect.Constructor.newInstance(Constructor.java:423)
at org.openqa.selenium.remote.W3CHandshakeResponse.lambda$errorHandler$0(W3CHandshakeResponse.java:62)
at org.openqa.selenium.remote.HandshakeResponse.lambda$getResponseFunction$0(HandshakeResponse.java:30)
at org.openqa.selenium.remote.ProtocolHandshake.lambda$createSession$0(ProtocolHandshake.java:126)
at java.util.stream.ReferencePipeline$3$1.accept(ReferencePipeline.java:193)
at java.util.Spliterators$ArraySpliterator.tryAdvance(Spliterators.java:958)
at java.util.stream.ReferencePipeline.forEachWithCancel(ReferencePipeline.java:126)
at java.util.stream.AbstractPipeline.copyIntoWithCancel(AbstractPipeline.java:499)
at java.util.stream.AbstractPipeline.copyInto(AbstractPipeline.java:486)
at java.util.stream.AbstractPipeline.wrapAndCopyInto(AbstractPipeline.java:472)
at java.util.stream.FindOps$FindOp.evaluateSequential(FindOps.java:152)
at java.util.stream.AbstractPipeline.evaluate(AbstractPipeline.java:234)
at java.util.stream.ReferencePipeline.findFirst(ReferencePipeline.java:464)
at org.openqa.selenium.remote.ProtocolHandshake.createSession(ProtocolHandshake.java:128)
at org.openqa.selenium.remote.ProtocolHandshake.createSession(ProtocolHandshake.java:74)
at org.openqa.selenium.remote.HttpCommandExecutor.execute(HttpCommandExecutor.java:136)
at org.openqa.selenium.remote.service.DriverCommandExecutor.execute(DriverCommandExecutor.java:83)
at org.openqa.selenium.remote.RemoteWebDriver.execute(RemoteWebDriver.java:552)
at org.openqa.selenium.remote.RemoteWebDriver.startSession(RemoteWebDriver.java:213)
at org.openqa.selenium.remote.RemoteWebDriver.<init>(RemoteWebDriver.java:131)
at org.openqa.selenium.chrome.ChromeDriver.<init>(ChromeDriver.java:181)
at org.openqa.selenium.chrome.ChromeDriver.<init>(ChromeDriver.java:168)
at org.openqa.selenium.chrome.ChromeDriver.<init>(ChromeDriver.java:123)
at com.epam.drivers.MyChromeWebDriver.openChrome(MyChromeWebDriver.java:17)
at com.epam.base.TestBase.initialization(TestBase.java:34)
at com.epam.testCases.AddRemoveElementPageTest.setUp(AddRemoveElementPageTest.java:19)
at sun.reflect.NativeMethodAccessorImpl.invoke0(Native Method)
at sun.reflect.NativeMethodAccessorImpl.invoke(NativeMethodAccessorImpl.java:62)
at sun.reflect.DelegatingMethodAccessorImpl.invoke(DelegatingMethodAccessorImpl.java:43)
at java.lang.reflect.Method.invoke(Method.java:498)
at org.testng.internal.MethodInvocationHelper.invokeMethod(MethodInvocationHelper.java:132)
at org.testng.internal.MethodInvocationHelper.invokeMethodConsideringTimeout(MethodInvocationHelper.java:61)
at org.testng.internal.ConfigInvoker.invokeConfigurationMethod(ConfigInvoker.java:366)
at org.testng.internal.ConfigInvoker.invokeConfigurations(ConfigInvoker.java:320)
at org.testng.internal.TestMethodWorker.invokeBeforeClassMethods(TestMethodWorker.java:176)
at org.testng.internal.TestMethodWorker.run(TestMethodWorker.java:122)
at java.util.ArrayList.forEach(ArrayList.java:1259)
at org.testng.TestRunner.privateRun(TestRunner.java:764)
at org.testng.TestRunner.run(TestRunner.java:585)
at org.testng.SuiteRunner.runTest(SuiteRunner.java:384)
at org.testng.SuiteRunner.runSequentially(SuiteRunner.java:378)
at org.testng.SuiteRunner.privateRun(SuiteRunner.java:337)
at org.testng.SuiteRunner.run(SuiteRunner.java:286)
at org.testng.SuiteRunnerWorker.runSuite(SuiteRunnerWorker.java:53)
at org.testng.SuiteRunnerWorker.run(SuiteRunnerWorker.java:96)
at org.testng.TestNG.runSuitesSequentially(TestNG.java:1218)
at org.testng.TestNG.runSuitesLocally(TestNG.java:1140)
at org.testng.TestNG.runSuites(TestNG.java:1069)
at org.testng.TestNG.run(TestNG.java:1037)
at org.apache.maven.surefire.testng.TestNGExecutor.run(TestNGExecutor.java:77)
at org.apache.maven.surefire.testng.TestNGDirectoryTestSuite.executeMulti(TestNGDirectoryTestSuite.java:159)
at org.apache.maven.surefire.testng.TestNGDirectoryTestSuite.execute(TestNGDirectoryTestSuite.java:99)
at org.apache.maven.surefire.testng.TestNGProvider.invoke(TestNGProvider.java:106)
at sun.reflect.NativeMethodAccessorImpl.invoke0(Native Method)
at sun.reflect.NativeMethodAccessorImpl.invoke(NativeMethodAccessorImpl.java:62)
at sun.reflect.DelegatingMethodAccessorImpl.invoke(DelegatingMethodAccessorImpl.java:43)
at java.lang.reflect.Method.invoke(Method.java:498)
at org.apache.maven.surefire.util.ReflectionUtils.invokeMethodWithArray(ReflectionUtils.java:189)
at org.apache.maven.surefire.booter.ProviderFactory$ProviderProxy.invoke(ProviderFactory.java:165)
at org.apache.maven.surefire.booter.ProviderFactory.invokeProvider(ProviderFactory.java:85)
at org.apache.maven.surefire.booter.ForkedBooter.runSuitesInProcess(ForkedBooter.java:115)
at org.apache.maven.surefire.booter.ForkedBooter.main(ForkedBooter.java:75)
]]>
            </full-stacktrace>
          </exception> <!-- org.openqa.selenium.SessionNotCreatedException -->
          <reporter-output>
          </reporter-output>
        </test-method> <!-- displayDeleteElement -->
        <test-method status="SKIP" signature="clickDeleteElementTest()[pri:4, instance:com.epam.testCases.AddRemoveElementPageTest@42dafa95]" name="clickDeleteElementTest" duration-ms="0" started-at="2021-04-19T16:03:18 IST" finished-at="2021-04-19T16:03:18 IST">
          <exception class="org.openqa.selenium.SessionNotCreatedException">
            <message>
              <![CDATA[session not created
from timeout: Timed out receiving message from renderer: 600.000
  (Session info: chrome=89.0.4389.128)
Build info: version: '3.141.59', revision: 'e82be7d358', time: '2018-11-14T08:17:03'
System info: host: 'EPINHYDW0767', ip: '192.168.0.152', os.name: 'Windows 10', os.arch: 'amd64', os.version: '10.0', java.version: '1.8.0_281'
Driver info: driver.version: MyChromeWebDriver
remote stacktrace: Backtrace:
GetHandleVerifier [0x0021B963+483]
GetHandleVerifier [0x0021B941+449]
GetHandleVerifier [0x005C3308+3832712]
GetHandleVerifier [0x005B778C+3784716]
GetHandleVerifier [0x005B6A47+3781319]
GetHandleVerifier [0x005B6E36+3782326]
GetHandleVerifier [0x005B6765+3780581]
GetHandleVerifier [0x005BFB21+3818401]
GetHandleVerifier [0x005B6721+3780513]
GetHandleVerifier [0x005B74B2+3783986]
GetHandleVerifier [0x005B6A47+3781319]
GetHandleVerifier [0x005B6E36+3782326]
GetHandleVerifier [0x005B6765+3780581]
GetHandleVerifier [0x005BDF9C+3811356]
GetHandleVerifier [0x005B6721+3780513]
GetHandleVerifier [0x005B74B2+3783986]
GetHandleVerifier [0x005B6A47+3781319]
GetHandleVerifier [0x005B6E36+3782326]
GetHandleVerifier [0x005B6765+3780581]
GetHandleVerifier [0x005BC392+3804178]
GetHandleVerifier [0x005B6721+3780513]
GetHandleVerifier [0x005B74B2+3783986]
GetHandleVerifier [0x005B6A47+3781319]
GetHandleVerifier [0x005B6E36+3782326]
GetHandleVerifier [0x005B6765+3780581]
GetHandleVerifier [0x005BB655+3800789]
GetHandleVerifier [0x005B6721+3780513]
GetHandleVerifier [0x005B74B2+3783986]
GetHandleVerifier [0x005B6A47+3781319]
GetHandleVerifier [0x005B6E36+3782326]
GetHandleVerifier [0x005B6765+3780581]
GetHandleVerifier [0x005B2F46+3766214]
GetHandleVerifier [0x005B6721+3780513]
GetHandleVerifier [0x005B6543+3780035]
GetHandleVerifier [0x005B6337+3779511]
GetHandleVerifier [0x005C4540+3837376]
GetHandleVerifier [0x005FF4BC+4078908]
GetHandleVerifier [0x005FE56C+4074988]
GetHandleVerifier [0x005FB2EB+4062059]
GetHandleVerifier [0x005DED14+3945876]
GetHandleVerifier [0x005DFBCE+3949646]
GetHandleVerifier [0x005DFB59+3949529]
Ordinal0 [0x001DB5CC+46540]
Ordinal0 [0x001D9F53+40787]
Ordinal0 [0x001D9B12+39698]
GetHandleVerifier [0x004E1468+2907368]
GetHandleVerifier [0x003271EE+1096302]
GetHandleVerifier [0x002E3E8D+821005]
GetHandleVerifier [0x002E396B+819691]
GetHandleVerifier [0x002E3881+819457]
GetHandleVerifier [0x0030F463+998627]
BaseThreadInitThunk [0x754BFA29+25]
RtlGetAppContainerNamedObjectPath [0x77587C7E+286]
RtlGetAppContainerNamedObjectPath [0x77587C4E+238]
]]>
            </message>
            <full-stacktrace>
              <![CDATA[org.openqa.selenium.SessionNotCreatedException: session not created
from timeout: Timed out receiving message from renderer: 600.000
  (Session info: chrome=89.0.4389.128)
Build info: version: '3.141.59', revision: 'e82be7d358', time: '2018-11-14T08:17:03'
System info: host: 'EPINHYDW0767', ip: '192.168.0.152', os.name: 'Windows 10', os.arch: 'amd64', os.version: '10.0', java.version: '1.8.0_281'
Driver info: driver.version: MyChromeWebDriver
remote stacktrace: Backtrace:
GetHandleVerifier [0x0021B963+483]
GetHandleVerifier [0x0021B941+449]
GetHandleVerifier [0x005C3308+3832712]
GetHandleVerifier [0x005B778C+3784716]
GetHandleVerifier [0x005B6A47+3781319]
GetHandleVerifier [0x005B6E36+3782326]
GetHandleVerifier [0x005B6765+3780581]
GetHandleVerifier [0x005BFB21+3818401]
GetHandleVerifier [0x005B6721+3780513]
GetHandleVerifier [0x005B74B2+3783986]
GetHandleVerifier [0x005B6A47+3781319]
GetHandleVerifier [0x005B6E36+3782326]
GetHandleVerifier [0x005B6765+3780581]
GetHandleVerifier [0x005BDF9C+3811356]
GetHandleVerifier [0x005B6721+3780513]
GetHandleVerifier [0x005B74B2+3783986]
GetHandleVerifier [0x005B6A47+3781319]
GetHandleVerifier [0x005B6E36+3782326]
GetHandleVerifier [0x005B6765+3780581]
GetHandleVerifier [0x005BC392+3804178]
GetHandleVerifier [0x005B6721+3780513]
GetHandleVerifier [0x005B74B2+3783986]
GetHandleVerifier [0x005B6A47+3781319]
GetHandleVerifier [0x005B6E36+3782326]
GetHandleVerifier [0x005B6765+3780581]
GetHandleVerifier [0x005BB655+3800789]
GetHandleVerifier [0x005B6721+3780513]
GetHandleVerifier [0x005B74B2+3783986]
GetHandleVerifier [0x005B6A47+3781319]
GetHandleVerifier [0x005B6E36+3782326]
GetHandleVerifier [0x005B6765+3780581]
GetHandleVerifier [0x005B2F46+3766214]
GetHandleVerifier [0x005B6721+3780513]
GetHandleVerifier [0x005B6543+3780035]
GetHandleVerifier [0x005B6337+3779511]
GetHandleVerifier [0x005C4540+3837376]
GetHandleVerifier [0x005FF4BC+4078908]
GetHandleVerifier [0x005FE56C+4074988]
GetHandleVerifier [0x005FB2EB+4062059]
GetHandleVerifier [0x005DED14+3945876]
GetHandleVerifier [0x005DFBCE+3949646]
GetHandleVerifier [0x005DFB59+3949529]
Ordinal0 [0x001DB5CC+46540]
Ordinal0 [0x001D9F53+40787]
Ordinal0 [0x001D9B12+39698]
GetHandleVerifier [0x004E1468+2907368]
GetHandleVerifier [0x003271EE+1096302]
GetHandleVerifier [0x002E3E8D+821005]
GetHandleVerifier [0x002E396B+819691]
GetHandleVerifier [0x002E3881+819457]
GetHandleVerifier [0x0030F463+998627]
BaseThreadInitThunk [0x754BFA29+25]
RtlGetAppContainerNamedObjectPath [0x77587C7E+286]
RtlGetAppContainerNamedObjectPath [0x77587C4E+238]

at sun.reflect.NativeConstructorAccessorImpl.newInstance0(Native Method)
at sun.reflect.NativeConstructorAccessorImpl.newInstance(NativeConstructorAccessorImpl.java:62)
at sun.reflect.DelegatingConstructorAccessorImpl.newInstance(DelegatingConstructorAccessorImpl.java:45)
at java.lang.reflect.Constructor.newInstance(Constructor.java:423)
at org.openqa.selenium.remote.W3CHandshakeResponse.lambda$errorHandler$0(W3CHandshakeResponse.java:62)
at org.openqa.selenium.remote.HandshakeResponse.lambda$getResponseFunction$0(HandshakeResponse.java:30)
at org.openqa.selenium.remote.ProtocolHandshake.lambda$createSession$0(ProtocolHandshake.java:126)
at java.util.stream.ReferencePipeline$3$1.accept(ReferencePipeline.java:193)
at java.util.Spliterators$ArraySpliterator.tryAdvance(Spliterators.java:958)
at java.util.stream.ReferencePipeline.forEachWithCancel(ReferencePipeline.java:126)
at java.util.stream.AbstractPipeline.copyIntoWithCancel(AbstractPipeline.java:499)
at java.util.stream.AbstractPipeline.copyInto(AbstractPipeline.java:486)
at java.util.stream.AbstractPipeline.wrapAndCopyInto(AbstractPipeline.java:472)
at java.util.stream.FindOps$FindOp.evaluateSequential(FindOps.java:152)
at java.util.stream.AbstractPipeline.evaluate(AbstractPipeline.java:234)
at java.util.stream.ReferencePipeline.findFirst(ReferencePipeline.java:464)
at org.openqa.selenium.remote.ProtocolHandshake.createSession(ProtocolHandshake.java:128)
at org.openqa.selenium.remote.ProtocolHandshake.createSession(ProtocolHandshake.java:74)
at org.openqa.selenium.remote.HttpCommandExecutor.execute(HttpCommandExecutor.java:136)
at org.openqa.selenium.remote.service.DriverCommandExecutor.execute(DriverCommandExecutor.java:83)
at org.openqa.selenium.remote.RemoteWebDriver.execute(RemoteWebDriver.java:552)
at org.openqa.selenium.remote.RemoteWebDriver.startSession(RemoteWebDriver.java:213)
at org.openqa.selenium.remote.RemoteWebDriver.<init>(RemoteWebDriver.java:131)
at org.openqa.selenium.chrome.ChromeDriver.<init>(ChromeDriver.java:181)
at org.openqa.selenium.chrome.ChromeDriver.<init>(ChromeDriver.java:168)
at org.openqa.selenium.chrome.ChromeDriver.<init>(ChromeDriver.java:123)
at com.epam.drivers.MyChromeWebDriver.openChrome(MyChromeWebDriver.java:17)
at com.epam.base.TestBase.initialization(TestBase.java:34)
at com.epam.testCases.AddRemoveElementPageTest.setUp(AddRemoveElementPageTest.java:19)
at sun.reflect.NativeMethodAccessorImpl.invoke0(Native Method)
at sun.reflect.NativeMethodAccessorImpl.invoke(NativeMethodAccessorImpl.java:62)
at sun.reflect.DelegatingMethodAccessorImpl.invoke(DelegatingMethodAccessorImpl.java:43)
at java.lang.reflect.Method.invoke(Method.java:498)
at org.testng.internal.MethodInvocationHelper.invokeMethod(MethodInvocationHelper.java:132)
at org.testng.internal.MethodInvocationHelper.invokeMethodConsideringTimeout(MethodInvocationHelper.java:61)
at org.testng.internal.ConfigInvoker.invokeConfigurationMethod(ConfigInvoker.java:366)
at org.testng.internal.ConfigInvoker.invokeConfigurations(ConfigInvoker.java:320)
at org.testng.internal.TestMethodWorker.invokeBeforeClassMethods(TestMethodWorker.java:176)
at org.testng.internal.TestMethodWorker.run(TestMethodWorker.java:122)
at java.util.ArrayList.forEach(ArrayList.java:1259)
at org.testng.TestRunner.privateRun(TestRunner.java:764)
at org.testng.TestRunner.run(TestRunner.java:585)
at org.testng.SuiteRunner.runTest(SuiteRunner.java:384)
at org.testng.SuiteRunner.runSequentially(SuiteRunner.java:378)
at org.testng.SuiteRunner.privateRun(SuiteRunner.java:337)
at org.testng.SuiteRunner.run(SuiteRunner.java:286)
at org.testng.SuiteRunnerWorker.runSuite(SuiteRunnerWorker.java:53)
at org.testng.SuiteRunnerWorker.run(SuiteRunnerWorker.java:96)
at org.testng.TestNG.runSuitesSequentially(TestNG.java:1218)
at org.testng.TestNG.runSuitesLocally(TestNG.java:1140)
at org.testng.TestNG.runSuites(TestNG.java:1069)
at org.testng.TestNG.run(TestNG.java:1037)
at org.apache.maven.surefire.testng.TestNGExecutor.run(TestNGExecutor.java:77)
at org.apache.maven.surefire.testng.TestNGDirectoryTestSuite.executeMulti(TestNGDirectoryTestSuite.java:159)
at org.apache.maven.surefire.testng.TestNGDirectoryTestSuite.execute(TestNGDirectoryTestSuite.java:99)
at org.apache.maven.surefire.testng.TestNGProvider.invoke(TestNGProvider.java:106)
at sun.reflect.NativeMethodAccessorImpl.invoke0(Native Method)
at sun.reflect.NativeMethodAccessorImpl.invoke(NativeMethodAccessorImpl.java:62)
at sun.reflect.DelegatingMethodAccessorImpl.invoke(DelegatingMethodAccessorImpl.java:43)
at java.lang.reflect.Method.invoke(Method.java:498)
at org.apache.maven.surefire.util.ReflectionUtils.invokeMethodWithArray(ReflectionUtils.java:189)
at org.apache.maven.surefire.booter.ProviderFactory$ProviderProxy.invoke(ProviderFactory.java:165)
at org.apache.maven.surefire.booter.ProviderFactory.invokeProvider(ProviderFactory.java:85)
at org.apache.maven.surefire.booter.ForkedBooter.runSuitesInProcess(ForkedBooter.java:115)
at org.apache.maven.surefire.booter.ForkedBooter.main(ForkedBooter.java:75)
]]>
            </full-stacktrace>
          </exception> <!-- org.openqa.selenium.SessionNotCreatedException -->
          <reporter-output>
          </reporter-output>
        </test-method> <!-- clickDeleteElementTest -->
        <test-method status="SKIP" signature="tearDown()[pri:0, instance:com.epam.testCases.AddRemoveElementPageTest@42dafa95]" name="tearDown" is-config="true" duration-ms="-1618828398938" started-at="2021-04-19T16:03:18 IST" finished-at="1970-01-01T05:30:00 IST">
          <reporter-output>
          </reporter-output>
        </test-method> <!-- tearDown -->
      </class> <!-- com.epam.testCases.AddRemoveElementPageTest -->
      <class name="com.epam.testCases.HomePageTest">
        <test-method status="PASS" signature="setUp()[pri:0, instance:com.epam.testCases.HomePageTest@6500df86]" name="setUp" is-config="true" duration-ms="10228" started-at="2021-04-19T16:03:18 IST" finished-at="2021-04-19T16:03:29 IST">
          <reporter-output>
          </reporter-output>
        </test-method> <!-- setUp -->
        <test-method status="PASS" signature="checkAddRemove()[pri:0, instance:com.epam.testCases.HomePageTest@6500df86]" name="checkAddRemove" duration-ms="103" started-at="2021-04-19T16:03:29 IST" finished-at="2021-04-19T16:03:29 IST">
          <reporter-output>
          </reporter-output>
        </test-method> <!-- checkAddRemove -->
        <test-method status="PASS" signature="checkChallengeDom()[pri:0, instance:com.epam.testCases.HomePageTest@6500df86]" name="checkChallengeDom" duration-ms="76" started-at="2021-04-19T16:03:29 IST" finished-at="2021-04-19T16:03:29 IST">
          <reporter-output>
          </reporter-output>
        </test-method> <!-- checkChallengeDom -->
        <test-method status="PASS" signature="tearDown()[pri:0, instance:com.epam.testCases.HomePageTest@6500df86]" name="tearDown" is-config="true" duration-ms="730" started-at="2021-04-19T16:03:29 IST" finished-at="2021-04-19T16:03:30 IST">
          <reporter-output>
          </reporter-output>
        </test-method> <!-- tearDown -->
      </class> <!-- com.epam.testCases.HomePageTest -->
    </test> <!-- Command line test -->
  </suite> <!-- Command line suite -->
</testng-results>
